#
# A fatal error has been detected by the Java Runtime Environment:
#
#  EXCEPTION_ACCESS_VIOLATION (0xc0000005) at pc=0x00007ffee13ad004, pid=11024, tid=2720
#
# JRE version: Java(TM) SE Runtime Environment (13.0+33) (build 13+33)
# Java VM: Java HotSpot(TM) 64-Bit Server VM (13+33, mixed mode, sharing, tiered, compressed oops, g1 gc, windows-amd64)
# Problematic frame:
# C  [atio6axx.dll+0x1d7d004]
#
# No core dump will be written. Minidumps are not enabled by default on client versions of Windows
#
# If you would like to submit a bug report, please visit:
#   http://bugreport.java.com/bugreport/crash.jsp
# The crash happened outside the Java Virtual Machine in native code.
# See problematic frame for where to report the bug.
#

---------------  S U M M A R Y ------------

Command Line: -Dfile.encoding=windows-31j -Duser.country=GB -Duser.language=en -Duser.variant -ea Main

Host: AMD Ryzen 5 2600 Six-Core Processor            , 12 cores, 15G,  Windows 10 , 64 bit Build 18362 (10.0.18362.329)
Time: Thu Oct 15 16:00:44 2020 GMT Summer Time elapsed time: 0 seconds (0d 0h 0m 0s)

---------------  T H R E A D  ---------------

Current thread (0x000001983d59e000):  JavaThread "main" [_thread_in_native, id=2720, stack(0x0000000b43f00000,0x0000000b44000000)]

Stack: [0x0000000b43f00000,0x0000000b44000000],  sp=0x0000000b43ffe738,  free space=1017k
Native frames: (J=compiled Java code, j=interpreted, Vv=VM code, C=native code)
C  [atio6axx.dll+0x1d7d004]

Java frames: (J=compiled Java code, j=interpreted, Vv=VM code)
j  org.lwjgl.opengl.GL11C.nglTexImage2D(IIIIIIIIJ)V+0
j  org.lwjgl.opengl.GL11C.glTexImage2D(IIIIIIIILjava/nio/ByteBuffer;)V+17
j  org.lwjgl.opengl.GL11.glTexImage2D(IIIIIIIILjava/nio/ByteBuffer;)V+14
j  renderer.Texture.<init>(Ljava/lang/String;)V+146
j  util.AssetPool.getTexture(Ljava/lang/String;)Lrenderer/Texture;+45
j  jade.LevelEditorScene.init()V+108
j  jade.Window.changeScene(I)V+41
j  jade.Window.init()V+162
j  jade.Window.run()V+15
j  Main.main([Ljava/lang/String;)V+5
v  ~StubRoutines::call_stub

siginfo: EXCEPTION_ACCESS_VIOLATION (0xc0000005), reading address 0x0000019868a3f000


Register to memory mapping:

RIP=0x00007ffee13ad004 atio6axx.dll
RAX=0x00000198684c2022 points into unknown readable memory: 18 52 39 21 52 39
RBX=0x000001986840f310 points into unknown readable memory: 01 00 00 00 52 00 00 00
RCX=0x00000198684c21c0 points into unknown readable memory: 00 00 00 00 00 00 00 00
RDX=0x000000000057ce38 is an unknown value
RSP=0x0000000b43ffe738 is pointing into the stack for thread: 0x000001983d59e000
RBP=0x0000000000000001 is an unknown value
RSI=0x0000019868a3ef50 points into unknown readable memory: 73 6b 96 84 6b aa 8a 6b
RDI=0x00000198684c2118 points into unknown readable memory: 73 6b 96 84 6b aa 8a 6b
R8 =0x000000000000005e is an unknown value
R9 =0x0000000000000004 is an unknown value
R10=0x0000019868a3ef50 points into unknown readable memory: 73 6b 96 84 6b aa 8a 6b
R11=0x00000198684c2118 points into unknown readable memory: 73 6b 96 84 6b aa 8a 6b
R12=0x0000000b43ffe8b0 is pointing into the stack for thread: 0x000001983d59e000
R13=0x0000019868a39630 points into unknown readable memory: 39 29 10 29 18 10 18 10
R14=0x00000000000000f6 is an unknown value
R15=0x00000000000000f8 is an unknown value


Registers:
RAX=0x00000198684c2022, RBX=0x000001986840f310, RCX=0x00000198684c21c0, RDX=0x000000000057ce38
RSP=0x0000000b43ffe738, RBP=0x0000000000000001, RSI=0x0000019868a3ef50, RDI=0x00000198684c2118
R8 =0x000000000000005e, R9 =0x0000000000000004, R10=0x0000019868a3ef50, R11=0x00000198684c2118
R12=0x0000000b43ffe8b0, R13=0x0000019868a39630, R14=0x00000000000000f6, R15=0x00000000000000f8
RIP=0x00007ffee13ad004, EFLAGS=0x0000000000010202

Top of Stack: (sp=0x0000000b43ffe738)
0x0000000b43ffe738:   00007ffee0c3822f 000001986840f310
0x0000000b43ffe748:   000001983d5a1f80 32527218314a2142
0x0000000b43ffe758:   000001983d5a0000 00007ffee2377ca4
0x0000000b43ffe768:   000000000000057c 000001986478a020
0x0000000b43ffe778:   000001983d5a0cc0 0000019867d19280
0x0000000b43ffe788:   0000019867eaed20 0000000000000000
0x0000000b43ffe798:   000000000000005d 0000019867d19280
0x0000000b43ffe7a8:   0000000b43ffea70 0000000b43ffe940
0x0000000b43ffe7b8:   00007ffee0c38402 000001983d4a0001
0x0000000b43ffe7c8:   0000019867eaed20 0000000b43ffea40
0x0000000b43ffe7d8:   5a18315200000000 0000000000000001
0x0000000b43ffe7e8:   3152213900000000 000001980000002d
0x0000000b43ffe7f8:   0000019867ed8800 0000019868a39630
0x0000000b43ffe808:   0000000000000001 0000000b43ffea00
0x0000000b43ffe818:   0000000000000000 00000000000000f8
0x0000000b43ffe828:   0000000000000000 0000019800000000 

Instructions: (pc=0x00007ffee13ad004)
0x00007ffee13acf04:   48 0c c3 66 0f 1f 84 00 00 00 00 00 4c 8b 02 8b
0x00007ffee13acf14:   4a 08 44 0f b7 4a 0c 44 0f b6 52 0e 4c 89 00 89
0x00007ffee13acf24:   48 08 66 44 89 48 0c 44 88 50 0e c3 0f 10 04 11
0x00007ffee13acf34:   4c 03 c1 48 83 c1 10 41 f6 c3 0f 74 13 0f 28 c8
0x00007ffee13acf44:   48 83 e1 f0 0f 10 04 11 48 83 c1 10 41 0f 11 0b
0x00007ffee13acf54:   4c 2b c1 4d 8b c8 49 c1 e9 07 0f 84 88 00 00 00
0x00007ffee13acf64:   0f 29 41 f0 4c 3b 0d 79 46 f3 00 76 17 e9 c2 00
0x00007ffee13acf74:   00 00 66 66 0f 1f 84 00 00 00 00 00 0f 29 41 e0
0x00007ffee13acf84:   0f 29 49 f0 0f 10 04 11 0f 10 4c 11 10 48 81 c1
0x00007ffee13acf94:   80 00 00 00 0f 29 41 80 0f 29 49 90 0f 10 44 11
0x00007ffee13acfa4:   a0 0f 10 4c 11 b0 49 ff c9 0f 29 41 a0 0f 29 49
0x00007ffee13acfb4:   b0 0f 10 44 11 c0 0f 10 4c 11 d0 0f 29 41 c0 0f
0x00007ffee13acfc4:   29 49 d0 0f 10 44 11 e0 0f 10 4c 11 f0 75 ad 0f
0x00007ffee13acfd4:   29 41 e0 49 83 e0 7f 0f 28 c1 eb 0c 0f 10 04 11
0x00007ffee13acfe4:   48 83 c1 10 49 83 e8 10 4d 8b c8 49 c1 e9 04 74
0x00007ffee13acff4:   1c 66 66 66 0f 1f 84 00 00 00 00 00 0f 11 41 f0
0x00007ffee13ad004:   0f 10 04 11 48 83 c1 10 49 ff c9 75 ef 49 83 e0
0x00007ffee13ad014:   0f 74 0d 4a 8d 04 01 0f 10 4c 10 f0 0f 11 48 f0
0x00007ffee13ad024:   0f 11 41 f0 49 8b c3 c3 0f 1f 40 00 0f 2b 41 e0
0x00007ffee13ad034:   0f 2b 49 f0 0f 18 84 11 00 02 00 00 0f 10 04 11
0x00007ffee13ad044:   0f 10 4c 11 10 48 81 c1 80 00 00 00 0f 2b 41 80
0x00007ffee13ad054:   0f 2b 49 90 0f 10 44 11 a0 0f 10 4c 11 b0 49 ff
0x00007ffee13ad064:   c9 0f 2b 41 a0 0f 2b 49 b0 0f 10 44 11 c0 0f 10
0x00007ffee13ad074:   4c 11 d0 0f 18 84 11 40 02 00 00 0f 2b 41 c0 0f
0x00007ffee13ad084:   2b 49 d0 0f 10 44 11 e0 0f 10 4c 11 f0 75 9d 0f
0x00007ffee13ad094:   ae f8 e9 38 ff ff ff 0f 1f 44 00 00 49 03 c8 0f
0x00007ffee13ad0a4:   10 44 11 f0 48 83 e9 10 49 83 e8 10 f6 c1 0f 74
0x00007ffee13ad0b4:   17 48 8b c1 48 83 e1 f0 0f 10 c8 0f 10 04 11 0f
0x00007ffee13ad0c4:   11 08 4c 8b c1 4d 2b c3 4d 8b c8 49 c1 e9 07 74
0x00007ffee13ad0d4:   68 0f 29 01 eb 0d 66 0f 1f 44 00 00 0f 29 41 10
0x00007ffee13ad0e4:   0f 29 09 0f 10 44 11 f0 0f 10 4c 11 e0 48 81 e9
0x00007ffee13ad0f4:   80 00 00 00 0f 29 41 70 0f 29 49 60 0f 10 44 11 


Stack slot to memory mapping:
stack at sp + 0 slots: 0x00007ffee0c3822f atio6axx.dll
stack at sp + 1 slots: 0x000001986840f310 points into unknown readable memory: 01 00 00 00 52 00 00 00
stack at sp + 2 slots: 0x000001983d5a1f80 points into unknown readable memory: c0 0c 5a 3d 98 01 00 00
stack at sp + 3 slots: 0x32527218314a2142 is an unknown value
stack at sp + 4 slots: 0x000001983d5a0000 points into unknown readable memory: 00 00 00 00 00 00 00 00
stack at sp + 5 slots: 0x00007ffee2377ca4 atio6axx.dll
stack at sp + 6 slots: 0x000000000000057c is an unknown value
stack at sp + 7 slots: 0x000001986478a020 points into unknown readable memory: 00 8b df 67 98 01 00 00


---------------  P R O C E S S  ---------------

Threads class SMR info:
_java_thread_list=0x00000198682ca1b0, length=11, elements={
0x000001983d59e000, 0x0000019863734000, 0x0000019863738800, 0x0000019863fda000,
0x0000019863fdb000, 0x0000019863fdd000, 0x0000019863fe7000, 0x0000019863fec000,
0x000001986412c800, 0x0000019864143000, 0x0000019868256000
}

Java Threads: ( => current thread )
=>0x000001983d59e000 JavaThread "main" [_thread_in_native, id=2720, stack(0x0000000b43f00000,0x0000000b44000000)]
  0x0000019863734000 JavaThread "Reference Handler" daemon [_thread_blocked, id=7356, stack(0x0000000b44600000,0x0000000b44700000)]
  0x0000019863738800 JavaThread "Finalizer" daemon [_thread_blocked, id=5848, stack(0x0000000b44700000,0x0000000b44800000)]
  0x0000019863fda000 JavaThread "Signal Dispatcher" daemon [_thread_blocked, id=4092, stack(0x0000000b44800000,0x0000000b44900000)]
  0x0000019863fdb000 JavaThread "Attach Listener" daemon [_thread_blocked, id=8380, stack(0x0000000b44900000,0x0000000b44a00000)]
  0x0000019863fdd000 JavaThread "C2 CompilerThread0" daemon [_thread_blocked, id=6268, stack(0x0000000b44a00000,0x0000000b44b00000)]
  0x0000019863fe7000 JavaThread "C1 CompilerThread0" daemon [_thread_blocked, id=1972, stack(0x0000000b44b00000,0x0000000b44c00000)]
  0x0000019863fec000 JavaThread "Sweeper thread" daemon [_thread_blocked, id=11176, stack(0x0000000b44c00000,0x0000000b44d00000)]
  0x000001986412c800 JavaThread "Service Thread" daemon [_thread_blocked, id=4164, stack(0x0000000b44d00000,0x0000000b44e00000)]
  0x0000019864143000 JavaThread "Common-Cleaner" daemon [_thread_blocked, id=5780, stack(0x0000000b44f00000,0x0000000b45000000)]
  0x0000019868256000 JavaThread "C2 CompilerThread1" daemon [_thread_blocked, id=2092, stack(0x0000000b45000000,0x0000000b45100000)]

Other Threads:
  0x0000019863733000 VMThread "VM Thread" [stack: 0x0000000b44500000,0x0000000b44600000] [id=3024]
  0x0000019864142000 WatcherThread [stack: 0x0000000b44e00000,0x0000000b44f00000] [id=7780]
  0x000001983f70b000 GCTaskThread "GC Thread#0" [stack: 0x0000000b44000000,0x0000000b44100000] [id=6132]
  0x000001983f72e000 ConcurrentGCThread "G1 Main Marker" [stack: 0x0000000b44100000,0x0000000b44200000] [id=7972]
  0x000001983f72f800 ConcurrentGCThread "G1 Conc#0" [stack: 0x0000000b44200000,0x0000000b44300000] [id=3280]
  0x000001986362c000 ConcurrentGCThread "G1 Refine#0" [stack: 0x0000000b44300000,0x0000000b44400000] [id=3376]
  0x000001986362e000 ConcurrentGCThread "G1 Young RemSet Sampling" [stack: 0x0000000b44400000,0x0000000b44500000] [id=8512]

Threads with active compile tasks:

VM state:not at safepoint (normal execution)

VM Mutex/Monitor currently owned by a thread: None

Heap address: 0x0000000701000000, size: 4080 MB, Compressed Oops mode: Zero based, Oop shift amount: 3
Narrow klass base: 0x0000000800000000, Narrow klass shift: 3
Compressed class space size: 1073741824 Address: 0x0000000800b40000

Heap:
 garbage-first heap   total 262144K, used 18432K [0x0000000701000000, 0x0000000800000000)
  region size 1024K, 20 young (20480K), 0 survivors (0K)
 Metaspace       used 5976K, capacity 8956K, committed 9088K, reserved 1058816K
  class space    used 317K, capacity 633K, committed 640K, reserved 1048576K
Heap Regions: E=young(eden), S=young(survivor), O=old, HS=humongous(starts), HC=humongous(continues), CS=collection set, F=free, A=archive, TAMS=top-at-mark-start (previous, next)
|   0|0x0000000701000000, 0x0000000701000000, 0x0000000701100000|  0%| F|  |TAMS 0x0000000701000000, 0x0000000701000000| Untracked 
|   1|0x0000000701100000, 0x0000000701100000, 0x0000000701200000|  0%| F|  |TAMS 0x0000000701100000, 0x0000000701100000| Untracked 
|   2|0x0000000701200000, 0x0000000701200000, 0x0000000701300000|  0%| F|  |TAMS 0x0000000701200000, 0x0000000701200000| Untracked 
|   3|0x0000000701300000, 0x0000000701300000, 0x0000000701400000|  0%| F|  |TAMS 0x0000000701300000, 0x0000000701300000| Untracked 
|   4|0x0000000701400000, 0x0000000701400000, 0x0000000701500000|  0%| F|  |TAMS 0x0000000701400000, 0x0000000701400000| Untracked 
|   5|0x0000000701500000, 0x0000000701500000, 0x0000000701600000|  0%| F|  |TAMS 0x0000000701500000, 0x0000000701500000| Untracked 
|   6|0x0000000701600000, 0x0000000701600000, 0x0000000701700000|  0%| F|  |TAMS 0x0000000701600000, 0x0000000701600000| Untracked 
|   7|0x0000000701700000, 0x0000000701700000, 0x0000000701800000|  0%| F|  |TAMS 0x0000000701700000, 0x0000000701700000| Untracked 
|   8|0x0000000701800000, 0x0000000701800000, 0x0000000701900000|  0%| F|  |TAMS 0x0000000701800000, 0x0000000701800000| Untracked 
|   9|0x0000000701900000, 0x0000000701900000, 0x0000000701a00000|  0%| F|  |TAMS 0x0000000701900000, 0x0000000701900000| Untracked 
|  10|0x0000000701a00000, 0x0000000701a00000, 0x0000000701b00000|  0%| F|  |TAMS 0x0000000701a00000, 0x0000000701a00000| Untracked 
|  11|0x0000000701b00000, 0x0000000701b00000, 0x0000000701c00000|  0%| F|  |TAMS 0x0000000701b00000, 0x0000000701b00000| Untracked 
|  12|0x0000000701c00000, 0x0000000701c00000, 0x0000000701d00000|  0%| F|  |TAMS 0x0000000701c00000, 0x0000000701c00000| Untracked 
|  13|0x0000000701d00000, 0x0000000701d00000, 0x0000000701e00000|  0%| F|  |TAMS 0x0000000701d00000, 0x0000000701d00000| Untracked 
|  14|0x0000000701e00000, 0x0000000701e00000, 0x0000000701f00000|  0%| F|  |TAMS 0x0000000701e00000, 0x0000000701e00000| Untracked 
|  15|0x0000000701f00000, 0x0000000701f00000, 0x0000000702000000|  0%| F|  |TAMS 0x0000000701f00000, 0x0000000701f00000| Untracked 
|  16|0x0000000702000000, 0x0000000702000000, 0x0000000702100000|  0%| F|  |TAMS 0x0000000702000000, 0x0000000702000000| Untracked 
|  17|0x0000000702100000, 0x0000000702100000, 0x0000000702200000|  0%| F|  |TAMS 0x0000000702100000, 0x0000000702100000| Untracked 
|  18|0x0000000702200000, 0x0000000702200000, 0x0000000702300000|  0%| F|  |TAMS 0x0000000702200000, 0x0000000702200000| Untracked 
|  19|0x0000000702300000, 0x0000000702300000, 0x0000000702400000|  0%| F|  |TAMS 0x0000000702300000, 0x0000000702300000| Untracked 
|  20|0x0000000702400000, 0x0000000702400000, 0x0000000702500000|  0%| F|  |TAMS 0x0000000702400000, 0x0000000702400000| Untracked 
|  21|0x0000000702500000, 0x0000000702500000, 0x0000000702600000|  0%| F|  |TAMS 0x0000000702500000, 0x0000000702500000| Untracked 
|  22|0x0000000702600000, 0x0000000702600000, 0x0000000702700000|  0%| F|  |TAMS 0x0000000702600000, 0x0000000702600000| Untracked 
|  23|0x0000000702700000, 0x0000000702700000, 0x0000000702800000|  0%| F|  |TAMS 0x0000000702700000, 0x0000000702700000| Untracked 
|  24|0x0000000702800000, 0x0000000702800000, 0x0000000702900000|  0%| F|  |TAMS 0x0000000702800000, 0x0000000702800000| Untracked 
|  25|0x0000000702900000, 0x0000000702900000, 0x0000000702a00000|  0%| F|  |TAMS 0x0000000702900000, 0x0000000702900000| Untracked 
|  26|0x0000000702a00000, 0x0000000702a00000, 0x0000000702b00000|  0%| F|  |TAMS 0x0000000702a00000, 0x0000000702a00000| Untracked 
|  27|0x0000000702b00000, 0x0000000702b00000, 0x0000000702c00000|  0%| F|  |TAMS 0x0000000702b00000, 0x0000000702b00000| Untracked 
|  28|0x0000000702c00000, 0x0000000702c00000, 0x0000000702d00000|  0%| F|  |TAMS 0x0000000702c00000, 0x0000000702c00000| Untracked 
|  29|0x0000000702d00000, 0x0000000702d00000, 0x0000000702e00000|  0%| F|  |TAMS 0x0000000702d00000, 0x0000000702d00000| Untracked 
|  30|0x0000000702e00000, 0x0000000702e00000, 0x0000000702f00000|  0%| F|  |TAMS 0x0000000702e00000, 0x0000000702e00000| Untracked 
|  31|0x0000000702f00000, 0x0000000702f00000, 0x0000000703000000|  0%| F|  |TAMS 0x0000000702f00000, 0x0000000702f00000| Untracked 
|  32|0x0000000703000000, 0x0000000703000000, 0x0000000703100000|  0%| F|  |TAMS 0x0000000703000000, 0x0000000703000000| Untracked 
|  33|0x0000000703100000, 0x0000000703100000, 0x0000000703200000|  0%| F|  |TAMS 0x0000000703100000, 0x0000000703100000| Untracked 
|  34|0x0000000703200000, 0x0000000703200000, 0x0000000703300000|  0%| F|  |TAMS 0x0000000703200000, 0x0000000703200000| Untracked 
|  35|0x0000000703300000, 0x0000000703300000, 0x0000000703400000|  0%| F|  |TAMS 0x0000000703300000, 0x0000000703300000| Untracked 
|  36|0x0000000703400000, 0x0000000703400000, 0x0000000703500000|  0%| F|  |TAMS 0x0000000703400000, 0x0000000703400000| Untracked 
|  37|0x0000000703500000, 0x0000000703500000, 0x0000000703600000|  0%| F|  |TAMS 0x0000000703500000, 0x0000000703500000| Untracked 
|  38|0x0000000703600000, 0x0000000703600000, 0x0000000703700000|  0%| F|  |TAMS 0x0000000703600000, 0x0000000703600000| Untracked 
|  39|0x0000000703700000, 0x0000000703700000, 0x0000000703800000|  0%| F|  |TAMS 0x0000000703700000, 0x0000000703700000| Untracked 
|  40|0x0000000703800000, 0x0000000703800000, 0x0000000703900000|  0%| F|  |TAMS 0x0000000703800000, 0x0000000703800000| Untracked 
|  41|0x0000000703900000, 0x0000000703900000, 0x0000000703a00000|  0%| F|  |TAMS 0x0000000703900000, 0x0000000703900000| Untracked 
|  42|0x0000000703a00000, 0x0000000703a00000, 0x0000000703b00000|  0%| F|  |TAMS 0x0000000703a00000, 0x0000000703a00000| Untracked 
|  43|0x0000000703b00000, 0x0000000703b00000, 0x0000000703c00000|  0%| F|  |TAMS 0x0000000703b00000, 0x0000000703b00000| Untracked 
|  44|0x0000000703c00000, 0x0000000703c00000, 0x0000000703d00000|  0%| F|  |TAMS 0x0000000703c00000, 0x0000000703c00000| Untracked 
|  45|0x0000000703d00000, 0x0000000703d00000, 0x0000000703e00000|  0%| F|  |TAMS 0x0000000703d00000, 0x0000000703d00000| Untracked 
|  46|0x0000000703e00000, 0x0000000703e00000, 0x0000000703f00000|  0%| F|  |TAMS 0x0000000703e00000, 0x0000000703e00000| Untracked 
|  47|0x0000000703f00000, 0x0000000703f00000, 0x0000000704000000|  0%| F|  |TAMS 0x0000000703f00000, 0x0000000703f00000| Untracked 
|  48|0x0000000704000000, 0x0000000704000000, 0x0000000704100000|  0%| F|  |TAMS 0x0000000704000000, 0x0000000704000000| Untracked 
|  49|0x0000000704100000, 0x0000000704100000, 0x0000000704200000|  0%| F|  |TAMS 0x0000000704100000, 0x0000000704100000| Untracked 
|  50|0x0000000704200000, 0x0000000704200000, 0x0000000704300000|  0%| F|  |TAMS 0x0000000704200000, 0x0000000704200000| Untracked 
|  51|0x0000000704300000, 0x0000000704300000, 0x0000000704400000|  0%| F|  |TAMS 0x0000000704300000, 0x0000000704300000| Untracked 
|  52|0x0000000704400000, 0x0000000704400000, 0x0000000704500000|  0%| F|  |TAMS 0x0000000704400000, 0x0000000704400000| Untracked 
|  53|0x0000000704500000, 0x0000000704500000, 0x0000000704600000|  0%| F|  |TAMS 0x0000000704500000, 0x0000000704500000| Untracked 
|  54|0x0000000704600000, 0x0000000704600000, 0x0000000704700000|  0%| F|  |TAMS 0x0000000704600000, 0x0000000704600000| Untracked 
|  55|0x0000000704700000, 0x0000000704700000, 0x0000000704800000|  0%| F|  |TAMS 0x0000000704700000, 0x0000000704700000| Untracked 
|  56|0x0000000704800000, 0x0000000704800000, 0x0000000704900000|  0%| F|  |TAMS 0x0000000704800000, 0x0000000704800000| Untracked 
|  57|0x0000000704900000, 0x0000000704900000, 0x0000000704a00000|  0%| F|  |TAMS 0x0000000704900000, 0x0000000704900000| Untracked 
|  58|0x0000000704a00000, 0x0000000704a00000, 0x0000000704b00000|  0%| F|  |TAMS 0x0000000704a00000, 0x0000000704a00000| Untracked 
|  59|0x0000000704b00000, 0x0000000704b00000, 0x0000000704c00000|  0%| F|  |TAMS 0x0000000704b00000, 0x0000000704b00000| Untracked 
|  60|0x0000000704c00000, 0x0000000704c00000, 0x0000000704d00000|  0%| F|  |TAMS 0x0000000704c00000, 0x0000000704c00000| Untracked 
|  61|0x0000000704d00000, 0x0000000704d00000, 0x0000000704e00000|  0%| F|  |TAMS 0x0000000704d00000, 0x0000000704d00000| Untracked 
|  62|0x0000000704e00000, 0x0000000704e00000, 0x0000000704f00000|  0%| F|  |TAMS 0x0000000704e00000, 0x0000000704e00000| Untracked 
|  63|0x0000000704f00000, 0x0000000704f00000, 0x0000000705000000|  0%| F|  |TAMS 0x0000000704f00000, 0x0000000704f00000| Untracked 
|  64|0x0000000705000000, 0x0000000705000000, 0x0000000705100000|  0%| F|  |TAMS 0x0000000705000000, 0x0000000705000000| Untracked 
|  65|0x0000000705100000, 0x0000000705100000, 0x0000000705200000|  0%| F|  |TAMS 0x0000000705100000, 0x0000000705100000| Untracked 
|  66|0x0000000705200000, 0x0000000705200000, 0x0000000705300000|  0%| F|  |TAMS 0x0000000705200000, 0x0000000705200000| Untracked 
|  67|0x0000000705300000, 0x0000000705300000, 0x0000000705400000|  0%| F|  |TAMS 0x0000000705300000, 0x0000000705300000| Untracked 
|  68|0x0000000705400000, 0x0000000705400000, 0x0000000705500000|  0%| F|  |TAMS 0x0000000705400000, 0x0000000705400000| Untracked 
|  69|0x0000000705500000, 0x0000000705500000, 0x0000000705600000|  0%| F|  |TAMS 0x0000000705500000, 0x0000000705500000| Untracked 
|  70|0x0000000705600000, 0x0000000705600000, 0x0000000705700000|  0%| F|  |TAMS 0x0000000705600000, 0x0000000705600000| Untracked 
|  71|0x0000000705700000, 0x0000000705700000, 0x0000000705800000|  0%| F|  |TAMS 0x0000000705700000, 0x0000000705700000| Untracked 
|  72|0x0000000705800000, 0x0000000705800000, 0x0000000705900000|  0%| F|  |TAMS 0x0000000705800000, 0x0000000705800000| Untracked 
|  73|0x0000000705900000, 0x0000000705900000, 0x0000000705a00000|  0%| F|  |TAMS 0x0000000705900000, 0x0000000705900000| Untracked 
|  74|0x0000000705a00000, 0x0000000705a00000, 0x0000000705b00000|  0%| F|  |TAMS 0x0000000705a00000, 0x0000000705a00000| Untracked 
|  75|0x0000000705b00000, 0x0000000705b00000, 0x0000000705c00000|  0%| F|  |TAMS 0x0000000705b00000, 0x0000000705b00000| Untracked 
|  76|0x0000000705c00000, 0x0000000705c00000, 0x0000000705d00000|  0%| F|  |TAMS 0x0000000705c00000, 0x0000000705c00000| Untracked 
|  77|0x0000000705d00000, 0x0000000705d00000, 0x0000000705e00000|  0%| F|  |TAMS 0x0000000705d00000, 0x0000000705d00000| Untracked 
|  78|0x0000000705e00000, 0x0000000705e00000, 0x0000000705f00000|  0%| F|  |TAMS 0x0000000705e00000, 0x0000000705e00000| Untracked 
|  79|0x0000000705f00000, 0x0000000705f00000, 0x0000000706000000|  0%| F|  |TAMS 0x0000000705f00000, 0x0000000705f00000| Untracked 
|  80|0x0000000706000000, 0x0000000706000000, 0x0000000706100000|  0%| F|  |TAMS 0x0000000706000000, 0x0000000706000000| Untracked 
|  81|0x0000000706100000, 0x0000000706100000, 0x0000000706200000|  0%| F|  |TAMS 0x0000000706100000, 0x0000000706100000| Untracked 
|  82|0x0000000706200000, 0x0000000706200000, 0x0000000706300000|  0%| F|  |TAMS 0x0000000706200000, 0x0000000706200000| Untracked 
|  83|0x0000000706300000, 0x0000000706300000, 0x0000000706400000|  0%| F|  |TAMS 0x0000000706300000, 0x0000000706300000| Untracked 
|  84|0x0000000706400000, 0x0000000706400000, 0x0000000706500000|  0%| F|  |TAMS 0x0000000706400000, 0x0000000706400000| Untracked 
|  85|0x0000000706500000, 0x0000000706500000, 0x0000000706600000|  0%| F|  |TAMS 0x0000000706500000, 0x0000000706500000| Untracked 
|  86|0x0000000706600000, 0x0000000706600000, 0x0000000706700000|  0%| F|  |TAMS 0x0000000706600000, 0x0000000706600000| Untracked 
|  87|0x0000000706700000, 0x0000000706700000, 0x0000000706800000|  0%| F|  |TAMS 0x0000000706700000, 0x0000000706700000| Untracked 
|  88|0x0000000706800000, 0x0000000706800000, 0x0000000706900000|  0%| F|  |TAMS 0x0000000706800000, 0x0000000706800000| Untracked 
|  89|0x0000000706900000, 0x0000000706900000, 0x0000000706a00000|  0%| F|  |TAMS 0x0000000706900000, 0x0000000706900000| Untracked 
|  90|0x0000000706a00000, 0x0000000706a00000, 0x0000000706b00000|  0%| F|  |TAMS 0x0000000706a00000, 0x0000000706a00000| Untracked 
|  91|0x0000000706b00000, 0x0000000706b00000, 0x0000000706c00000|  0%| F|  |TAMS 0x0000000706b00000, 0x0000000706b00000| Untracked 
|  92|0x0000000706c00000, 0x0000000706c00000, 0x0000000706d00000|  0%| F|  |TAMS 0x0000000706c00000, 0x0000000706c00000| Untracked 
|  93|0x0000000706d00000, 0x0000000706d00000, 0x0000000706e00000|  0%| F|  |TAMS 0x0000000706d00000, 0x0000000706d00000| Untracked 
|  94|0x0000000706e00000, 0x0000000706e00000, 0x0000000706f00000|  0%| F|  |TAMS 0x0000000706e00000, 0x0000000706e00000| Untracked 
|  95|0x0000000706f00000, 0x0000000706f00000, 0x0000000707000000|  0%| F|  |TAMS 0x0000000706f00000, 0x0000000706f00000| Untracked 
|  96|0x0000000707000000, 0x0000000707000000, 0x0000000707100000|  0%| F|  |TAMS 0x0000000707000000, 0x0000000707000000| Untracked 
|  97|0x0000000707100000, 0x0000000707100000, 0x0000000707200000|  0%| F|  |TAMS 0x0000000707100000, 0x0000000707100000| Untracked 
|  98|0x0000000707200000, 0x0000000707200000, 0x0000000707300000|  0%| F|  |TAMS 0x0000000707200000, 0x0000000707200000| Untracked 
|  99|0x0000000707300000, 0x0000000707300000, 0x0000000707400000|  0%| F|  |TAMS 0x0000000707300000, 0x0000000707300000| Untracked 
| 100|0x0000000707400000, 0x0000000707400000, 0x0000000707500000|  0%| F|  |TAMS 0x0000000707400000, 0x0000000707400000| Untracked 
| 101|0x0000000707500000, 0x0000000707500000, 0x0000000707600000|  0%| F|  |TAMS 0x0000000707500000, 0x0000000707500000| Untracked 
| 102|0x0000000707600000, 0x0000000707600000, 0x0000000707700000|  0%| F|  |TAMS 0x0000000707600000, 0x0000000707600000| Untracked 
| 103|0x0000000707700000, 0x0000000707700000, 0x0000000707800000|  0%| F|  |TAMS 0x0000000707700000, 0x0000000707700000| Untracked 
| 104|0x0000000707800000, 0x0000000707800000, 0x0000000707900000|  0%| F|  |TAMS 0x0000000707800000, 0x0000000707800000| Untracked 
| 105|0x0000000707900000, 0x0000000707900000, 0x0000000707a00000|  0%| F|  |TAMS 0x0000000707900000, 0x0000000707900000| Untracked 
| 106|0x0000000707a00000, 0x0000000707a00000, 0x0000000707b00000|  0%| F|  |TAMS 0x0000000707a00000, 0x0000000707a00000| Untracked 
| 107|0x0000000707b00000, 0x0000000707b00000, 0x0000000707c00000|  0%| F|  |TAMS 0x0000000707b00000, 0x0000000707b00000| Untracked 
| 108|0x0000000707c00000, 0x0000000707c00000, 0x0000000707d00000|  0%| F|  |TAMS 0x0000000707c00000, 0x0000000707c00000| Untracked 
| 109|0x0000000707d00000, 0x0000000707d00000, 0x0000000707e00000|  0%| F|  |TAMS 0x0000000707d00000, 0x0000000707d00000| Untracked 
| 110|0x0000000707e00000, 0x0000000707e00000, 0x0000000707f00000|  0%| F|  |TAMS 0x0000000707e00000, 0x0000000707e00000| Untracked 
| 111|0x0000000707f00000, 0x0000000707f00000, 0x0000000708000000|  0%| F|  |TAMS 0x0000000707f00000, 0x0000000707f00000| Untracked 
| 112|0x0000000708000000, 0x0000000708000000, 0x0000000708100000|  0%| F|  |TAMS 0x0000000708000000, 0x0000000708000000| Untracked 
| 113|0x0000000708100000, 0x0000000708100000, 0x0000000708200000|  0%| F|  |TAMS 0x0000000708100000, 0x0000000708100000| Untracked 
| 114|0x0000000708200000, 0x0000000708200000, 0x0000000708300000|  0%| F|  |TAMS 0x0000000708200000, 0x0000000708200000| Untracked 
| 115|0x0000000708300000, 0x0000000708300000, 0x0000000708400000|  0%| F|  |TAMS 0x0000000708300000, 0x0000000708300000| Untracked 
| 116|0x0000000708400000, 0x0000000708400000, 0x0000000708500000|  0%| F|  |TAMS 0x0000000708400000, 0x0000000708400000| Untracked 
| 117|0x0000000708500000, 0x0000000708500000, 0x0000000708600000|  0%| F|  |TAMS 0x0000000708500000, 0x0000000708500000| Untracked 
| 118|0x0000000708600000, 0x0000000708600000, 0x0000000708700000|  0%| F|  |TAMS 0x0000000708600000, 0x0000000708600000| Untracked 
| 119|0x0000000708700000, 0x0000000708700000, 0x0000000708800000|  0%| F|  |TAMS 0x0000000708700000, 0x0000000708700000| Untracked 
| 120|0x0000000708800000, 0x0000000708800000, 0x0000000708900000|  0%| F|  |TAMS 0x0000000708800000, 0x0000000708800000| Untracked 
| 121|0x0000000708900000, 0x0000000708900000, 0x0000000708a00000|  0%| F|  |TAMS 0x0000000708900000, 0x0000000708900000| Untracked 
| 122|0x0000000708a00000, 0x0000000708a00000, 0x0000000708b00000|  0%| F|  |TAMS 0x0000000708a00000, 0x0000000708a00000| Untracked 
| 123|0x0000000708b00000, 0x0000000708b00000, 0x0000000708c00000|  0%| F|  |TAMS 0x0000000708b00000, 0x0000000708b00000| Untracked 
| 124|0x0000000708c00000, 0x0000000708c00000, 0x0000000708d00000|  0%| F|  |TAMS 0x0000000708c00000, 0x0000000708c00000| Untracked 
| 125|0x0000000708d00000, 0x0000000708d00000, 0x0000000708e00000|  0%| F|  |TAMS 0x0000000708d00000, 0x0000000708d00000| Untracked 
| 126|0x0000000708e00000, 0x0000000708e00000, 0x0000000708f00000|  0%| F|  |TAMS 0x0000000708e00000, 0x0000000708e00000| Untracked 
| 127|0x0000000708f00000, 0x0000000708f00000, 0x0000000709000000|  0%| F|  |TAMS 0x0000000708f00000, 0x0000000708f00000| Untracked 
| 128|0x0000000709000000, 0x0000000709000000, 0x0000000709100000|  0%| F|  |TAMS 0x0000000709000000, 0x0000000709000000| Untracked 
| 129|0x0000000709100000, 0x0000000709100000, 0x0000000709200000|  0%| F|  |TAMS 0x0000000709100000, 0x0000000709100000| Untracked 
| 130|0x0000000709200000, 0x0000000709200000, 0x0000000709300000|  0%| F|  |TAMS 0x0000000709200000, 0x0000000709200000| Untracked 
| 131|0x0000000709300000, 0x0000000709300000, 0x0000000709400000|  0%| F|  |TAMS 0x0000000709300000, 0x0000000709300000| Untracked 
| 132|0x0000000709400000, 0x0000000709400000, 0x0000000709500000|  0%| F|  |TAMS 0x0000000709400000, 0x0000000709400000| Untracked 
| 133|0x0000000709500000, 0x0000000709500000, 0x0000000709600000|  0%| F|  |TAMS 0x0000000709500000, 0x0000000709500000| Untracked 
| 134|0x0000000709600000, 0x0000000709600000, 0x0000000709700000|  0%| F|  |TAMS 0x0000000709600000, 0x0000000709600000| Untracked 
| 135|0x0000000709700000, 0x0000000709700000, 0x0000000709800000|  0%| F|  |TAMS 0x0000000709700000, 0x0000000709700000| Untracked 
| 136|0x0000000709800000, 0x0000000709800000, 0x0000000709900000|  0%| F|  |TAMS 0x0000000709800000, 0x0000000709800000| Untracked 
| 137|0x0000000709900000, 0x0000000709900000, 0x0000000709a00000|  0%| F|  |TAMS 0x0000000709900000, 0x0000000709900000| Untracked 
| 138|0x0000000709a00000, 0x0000000709a00000, 0x0000000709b00000|  0%| F|  |TAMS 0x0000000709a00000, 0x0000000709a00000| Untracked 
| 139|0x0000000709b00000, 0x0000000709b00000, 0x0000000709c00000|  0%| F|  |TAMS 0x0000000709b00000, 0x0000000709b00000| Untracked 
| 140|0x0000000709c00000, 0x0000000709c00000, 0x0000000709d00000|  0%| F|  |TAMS 0x0000000709c00000, 0x0000000709c00000| Untracked 
| 141|0x0000000709d00000, 0x0000000709d00000, 0x0000000709e00000|  0%| F|  |TAMS 0x0000000709d00000, 0x0000000709d00000| Untracked 
| 142|0x0000000709e00000, 0x0000000709e00000, 0x0000000709f00000|  0%| F|  |TAMS 0x0000000709e00000, 0x0000000709e00000| Untracked 
| 143|0x0000000709f00000, 0x0000000709f00000, 0x000000070a000000|  0%| F|  |TAMS 0x0000000709f00000, 0x0000000709f00000| Untracked 
| 144|0x000000070a000000, 0x000000070a000000, 0x000000070a100000|  0%| F|  |TAMS 0x000000070a000000, 0x000000070a000000| Untracked 
| 145|0x000000070a100000, 0x000000070a100000, 0x000000070a200000|  0%| F|  |TAMS 0x000000070a100000, 0x000000070a100000| Untracked 
| 146|0x000000070a200000, 0x000000070a200000, 0x000000070a300000|  0%| F|  |TAMS 0x000000070a200000, 0x000000070a200000| Untracked 
| 147|0x000000070a300000, 0x000000070a300000, 0x000000070a400000|  0%| F|  |TAMS 0x000000070a300000, 0x000000070a300000| Untracked 
| 148|0x000000070a400000, 0x000000070a400000, 0x000000070a500000|  0%| F|  |TAMS 0x000000070a400000, 0x000000070a400000| Untracked 
| 149|0x000000070a500000, 0x000000070a500000, 0x000000070a600000|  0%| F|  |TAMS 0x000000070a500000, 0x000000070a500000| Untracked 
| 150|0x000000070a600000, 0x000000070a600000, 0x000000070a700000|  0%| F|  |TAMS 0x000000070a600000, 0x000000070a600000| Untracked 
| 151|0x000000070a700000, 0x000000070a700000, 0x000000070a800000|  0%| F|  |TAMS 0x000000070a700000, 0x000000070a700000| Untracked 
| 152|0x000000070a800000, 0x000000070a800000, 0x000000070a900000|  0%| F|  |TAMS 0x000000070a800000, 0x000000070a800000| Untracked 
| 153|0x000000070a900000, 0x000000070a900000, 0x000000070aa00000|  0%| F|  |TAMS 0x000000070a900000, 0x000000070a900000| Untracked 
| 154|0x000000070aa00000, 0x000000070aa00000, 0x000000070ab00000|  0%| F|  |TAMS 0x000000070aa00000, 0x000000070aa00000| Untracked 
| 155|0x000000070ab00000, 0x000000070ab00000, 0x000000070ac00000|  0%| F|  |TAMS 0x000000070ab00000, 0x000000070ab00000| Untracked 
| 156|0x000000070ac00000, 0x000000070ac00000, 0x000000070ad00000|  0%| F|  |TAMS 0x000000070ac00000, 0x000000070ac00000| Untracked 
| 157|0x000000070ad00000, 0x000000070ad00000, 0x000000070ae00000|  0%| F|  |TAMS 0x000000070ad00000, 0x000000070ad00000| Untracked 
| 158|0x000000070ae00000, 0x000000070ae00000, 0x000000070af00000|  0%| F|  |TAMS 0x000000070ae00000, 0x000000070ae00000| Untracked 
| 159|0x000000070af00000, 0x000000070af00000, 0x000000070b000000|  0%| F|  |TAMS 0x000000070af00000, 0x000000070af00000| Untracked 
| 160|0x000000070b000000, 0x000000070b000000, 0x000000070b100000|  0%| F|  |TAMS 0x000000070b000000, 0x000000070b000000| Untracked 
| 161|0x000000070b100000, 0x000000070b100000, 0x000000070b200000|  0%| F|  |TAMS 0x000000070b100000, 0x000000070b100000| Untracked 
| 162|0x000000070b200000, 0x000000070b200000, 0x000000070b300000|  0%| F|  |TAMS 0x000000070b200000, 0x000000070b200000| Untracked 
| 163|0x000000070b300000, 0x000000070b300000, 0x000000070b400000|  0%| F|  |TAMS 0x000000070b300000, 0x000000070b300000| Untracked 
| 164|0x000000070b400000, 0x000000070b400000, 0x000000070b500000|  0%| F|  |TAMS 0x000000070b400000, 0x000000070b400000| Untracked 
| 165|0x000000070b500000, 0x000000070b500000, 0x000000070b600000|  0%| F|  |TAMS 0x000000070b500000, 0x000000070b500000| Untracked 
| 166|0x000000070b600000, 0x000000070b600000, 0x000000070b700000|  0%| F|  |TAMS 0x000000070b600000, 0x000000070b600000| Untracked 
| 167|0x000000070b700000, 0x000000070b700000, 0x000000070b800000|  0%| F|  |TAMS 0x000000070b700000, 0x000000070b700000| Untracked 
| 168|0x000000070b800000, 0x000000070b800000, 0x000000070b900000|  0%| F|  |TAMS 0x000000070b800000, 0x000000070b800000| Untracked 
| 169|0x000000070b900000, 0x000000070b900000, 0x000000070ba00000|  0%| F|  |TAMS 0x000000070b900000, 0x000000070b900000| Untracked 
| 170|0x000000070ba00000, 0x000000070ba00000, 0x000000070bb00000|  0%| F|  |TAMS 0x000000070ba00000, 0x000000070ba00000| Untracked 
| 171|0x000000070bb00000, 0x000000070bb00000, 0x000000070bc00000|  0%| F|  |TAMS 0x000000070bb00000, 0x000000070bb00000| Untracked 
| 172|0x000000070bc00000, 0x000000070bc00000, 0x000000070bd00000|  0%| F|  |TAMS 0x000000070bc00000, 0x000000070bc00000| Untracked 
| 173|0x000000070bd00000, 0x000000070bd00000, 0x000000070be00000|  0%| F|  |TAMS 0x000000070bd00000, 0x000000070bd00000| Untracked 
| 174|0x000000070be00000, 0x000000070be00000, 0x000000070bf00000|  0%| F|  |TAMS 0x000000070be00000, 0x000000070be00000| Untracked 
| 175|0x000000070bf00000, 0x000000070bf00000, 0x000000070c000000|  0%| F|  |TAMS 0x000000070bf00000, 0x000000070bf00000| Untracked 
| 176|0x000000070c000000, 0x000000070c000000, 0x000000070c100000|  0%| F|  |TAMS 0x000000070c000000, 0x000000070c000000| Untracked 
| 177|0x000000070c100000, 0x000000070c100000, 0x000000070c200000|  0%| F|  |TAMS 0x000000070c100000, 0x000000070c100000| Untracked 
| 178|0x000000070c200000, 0x000000070c200000, 0x000000070c300000|  0%| F|  |TAMS 0x000000070c200000, 0x000000070c200000| Untracked 
| 179|0x000000070c300000, 0x000000070c300000, 0x000000070c400000|  0%| F|  |TAMS 0x000000070c300000, 0x000000070c300000| Untracked 
| 180|0x000000070c400000, 0x000000070c400000, 0x000000070c500000|  0%| F|  |TAMS 0x000000070c400000, 0x000000070c400000| Untracked 
| 181|0x000000070c500000, 0x000000070c500000, 0x000000070c600000|  0%| F|  |TAMS 0x000000070c500000, 0x000000070c500000| Untracked 
| 182|0x000000070c600000, 0x000000070c600000, 0x000000070c700000|  0%| F|  |TAMS 0x000000070c600000, 0x000000070c600000| Untracked 
| 183|0x000000070c700000, 0x000000070c700000, 0x000000070c800000|  0%| F|  |TAMS 0x000000070c700000, 0x000000070c700000| Untracked 
| 184|0x000000070c800000, 0x000000070c800000, 0x000000070c900000|  0%| F|  |TAMS 0x000000070c800000, 0x000000070c800000| Untracked 
| 185|0x000000070c900000, 0x000000070c900000, 0x000000070ca00000|  0%| F|  |TAMS 0x000000070c900000, 0x000000070c900000| Untracked 
| 186|0x000000070ca00000, 0x000000070ca00000, 0x000000070cb00000|  0%| F|  |TAMS 0x000000070ca00000, 0x000000070ca00000| Untracked 
| 187|0x000000070cb00000, 0x000000070cb00000, 0x000000070cc00000|  0%| F|  |TAMS 0x000000070cb00000, 0x000000070cb00000| Untracked 
| 188|0x000000070cc00000, 0x000000070cc00000, 0x000000070cd00000|  0%| F|  |TAMS 0x000000070cc00000, 0x000000070cc00000| Untracked 
| 189|0x000000070cd00000, 0x000000070cd00000, 0x000000070ce00000|  0%| F|  |TAMS 0x000000070cd00000, 0x000000070cd00000| Untracked 
| 190|0x000000070ce00000, 0x000000070ce00000, 0x000000070cf00000|  0%| F|  |TAMS 0x000000070ce00000, 0x000000070ce00000| Untracked 
| 191|0x000000070cf00000, 0x000000070cf00000, 0x000000070d000000|  0%| F|  |TAMS 0x000000070cf00000, 0x000000070cf00000| Untracked 
| 192|0x000000070d000000, 0x000000070d000000, 0x000000070d100000|  0%| F|  |TAMS 0x000000070d000000, 0x000000070d000000| Untracked 
| 193|0x000000070d100000, 0x000000070d100000, 0x000000070d200000|  0%| F|  |TAMS 0x000000070d100000, 0x000000070d100000| Untracked 
| 194|0x000000070d200000, 0x000000070d200000, 0x000000070d300000|  0%| F|  |TAMS 0x000000070d200000, 0x000000070d200000| Untracked 
| 195|0x000000070d300000, 0x000000070d300000, 0x000000070d400000|  0%| F|  |TAMS 0x000000070d300000, 0x000000070d300000| Untracked 
| 196|0x000000070d400000, 0x000000070d400000, 0x000000070d500000|  0%| F|  |TAMS 0x000000070d400000, 0x000000070d400000| Untracked 
| 197|0x000000070d500000, 0x000000070d500000, 0x000000070d600000|  0%| F|  |TAMS 0x000000070d500000, 0x000000070d500000| Untracked 
| 198|0x000000070d600000, 0x000000070d600000, 0x000000070d700000|  0%| F|  |TAMS 0x000000070d600000, 0x000000070d600000| Untracked 
| 199|0x000000070d700000, 0x000000070d700000, 0x000000070d800000|  0%| F|  |TAMS 0x000000070d700000, 0x000000070d700000| Untracked 
| 200|0x000000070d800000, 0x000000070d800000, 0x000000070d900000|  0%| F|  |TAMS 0x000000070d800000, 0x000000070d800000| Untracked 
| 201|0x000000070d900000, 0x000000070d900000, 0x000000070da00000|  0%| F|  |TAMS 0x000000070d900000, 0x000000070d900000| Untracked 
| 202|0x000000070da00000, 0x000000070da00000, 0x000000070db00000|  0%| F|  |TAMS 0x000000070da00000, 0x000000070da00000| Untracked 
| 203|0x000000070db00000, 0x000000070db00000, 0x000000070dc00000|  0%| F|  |TAMS 0x000000070db00000, 0x000000070db00000| Untracked 
| 204|0x000000070dc00000, 0x000000070dc00000, 0x000000070dd00000|  0%| F|  |TAMS 0x000000070dc00000, 0x000000070dc00000| Untracked 
| 205|0x000000070dd00000, 0x000000070dd00000, 0x000000070de00000|  0%| F|  |TAMS 0x000000070dd00000, 0x000000070dd00000| Untracked 
| 206|0x000000070de00000, 0x000000070de00000, 0x000000070df00000|  0%| F|  |TAMS 0x000000070de00000, 0x000000070de00000| Untracked 
| 207|0x000000070df00000, 0x000000070df00000, 0x000000070e000000|  0%| F|  |TAMS 0x000000070df00000, 0x000000070df00000| Untracked 
| 208|0x000000070e000000, 0x000000070e000000, 0x000000070e100000|  0%| F|  |TAMS 0x000000070e000000, 0x000000070e000000| Untracked 
| 209|0x000000070e100000, 0x000000070e100000, 0x000000070e200000|  0%| F|  |TAMS 0x000000070e100000, 0x000000070e100000| Untracked 
| 210|0x000000070e200000, 0x000000070e200000, 0x000000070e300000|  0%| F|  |TAMS 0x000000070e200000, 0x000000070e200000| Untracked 
| 211|0x000000070e300000, 0x000000070e300000, 0x000000070e400000|  0%| F|  |TAMS 0x000000070e300000, 0x000000070e300000| Untracked 
| 212|0x000000070e400000, 0x000000070e400000, 0x000000070e500000|  0%| F|  |TAMS 0x000000070e400000, 0x000000070e400000| Untracked 
| 213|0x000000070e500000, 0x000000070e500000, 0x000000070e600000|  0%| F|  |TAMS 0x000000070e500000, 0x000000070e500000| Untracked 
| 214|0x000000070e600000, 0x000000070e600000, 0x000000070e700000|  0%| F|  |TAMS 0x000000070e600000, 0x000000070e600000| Untracked 
| 215|0x000000070e700000, 0x000000070e700000, 0x000000070e800000|  0%| F|  |TAMS 0x000000070e700000, 0x000000070e700000| Untracked 
| 216|0x000000070e800000, 0x000000070e800000, 0x000000070e900000|  0%| F|  |TAMS 0x000000070e800000, 0x000000070e800000| Untracked 
| 217|0x000000070e900000, 0x000000070e900000, 0x000000070ea00000|  0%| F|  |TAMS 0x000000070e900000, 0x000000070e900000| Untracked 
| 218|0x000000070ea00000, 0x000000070ea00000, 0x000000070eb00000|  0%| F|  |TAMS 0x000000070ea00000, 0x000000070ea00000| Untracked 
| 219|0x000000070eb00000, 0x000000070eb00000, 0x000000070ec00000|  0%| F|  |TAMS 0x000000070eb00000, 0x000000070eb00000| Untracked 
| 220|0x000000070ec00000, 0x000000070ec00000, 0x000000070ed00000|  0%| F|  |TAMS 0x000000070ec00000, 0x000000070ec00000| Untracked 
| 221|0x000000070ed00000, 0x000000070ed00000, 0x000000070ee00000|  0%| F|  |TAMS 0x000000070ed00000, 0x000000070ed00000| Untracked 
| 222|0x000000070ee00000, 0x000000070ee00000, 0x000000070ef00000|  0%| F|  |TAMS 0x000000070ee00000, 0x000000070ee00000| Untracked 
| 223|0x000000070ef00000, 0x000000070ef00000, 0x000000070f000000|  0%| F|  |TAMS 0x000000070ef00000, 0x000000070ef00000| Untracked 
| 224|0x000000070f000000, 0x000000070f000000, 0x000000070f100000|  0%| F|  |TAMS 0x000000070f000000, 0x000000070f000000| Untracked 
| 225|0x000000070f100000, 0x000000070f100000, 0x000000070f200000|  0%| F|  |TAMS 0x000000070f100000, 0x000000070f100000| Untracked 
| 226|0x000000070f200000, 0x000000070f200000, 0x000000070f300000|  0%| F|  |TAMS 0x000000070f200000, 0x000000070f200000| Untracked 
| 227|0x000000070f300000, 0x000000070f300000, 0x000000070f400000|  0%| F|  |TAMS 0x000000070f300000, 0x000000070f300000| Untracked 
| 228|0x000000070f400000, 0x000000070f400000, 0x000000070f500000|  0%| F|  |TAMS 0x000000070f400000, 0x000000070f400000| Untracked 
| 229|0x000000070f500000, 0x000000070f500000, 0x000000070f600000|  0%| F|  |TAMS 0x000000070f500000, 0x000000070f500000| Untracked 
| 230|0x000000070f600000, 0x000000070f600000, 0x000000070f700000|  0%| F|  |TAMS 0x000000070f600000, 0x000000070f600000| Untracked 
| 231|0x000000070f700000, 0x000000070f700000, 0x000000070f800000|  0%| F|  |TAMS 0x000000070f700000, 0x000000070f700000| Untracked 
| 232|0x000000070f800000, 0x000000070f800000, 0x000000070f900000|  0%| F|  |TAMS 0x000000070f800000, 0x000000070f800000| Untracked 
| 233|0x000000070f900000, 0x000000070f900000, 0x000000070fa00000|  0%| F|  |TAMS 0x000000070f900000, 0x000000070f900000| Untracked 
| 234|0x000000070fa00000, 0x000000070fa00000, 0x000000070fb00000|  0%| F|  |TAMS 0x000000070fa00000, 0x000000070fa00000| Untracked 
| 235|0x000000070fb00000, 0x000000070fb00000, 0x000000070fc00000|  0%| F|  |TAMS 0x000000070fb00000, 0x000000070fb00000| Untracked 
| 236|0x000000070fc00000, 0x000000070fc7b660, 0x000000070fd00000| 48%| E|  |TAMS 0x000000070fc00000, 0x000000070fc00000| Complete 
| 237|0x000000070fd00000, 0x000000070fe00000, 0x000000070fe00000|100%| E|CS|TAMS 0x000000070fd00000, 0x000000070fd00000| Complete 
| 238|0x000000070fe00000, 0x000000070ff00000, 0x000000070ff00000|100%| E|  |TAMS 0x000000070fe00000, 0x000000070fe00000| Complete 
| 239|0x000000070ff00000, 0x0000000710000000, 0x0000000710000000|100%| E|CS|TAMS 0x000000070ff00000, 0x000000070ff00000| Complete 
| 240|0x0000000710000000, 0x0000000710100000, 0x0000000710100000|100%| E|CS|TAMS 0x0000000710000000, 0x0000000710000000| Complete 
| 241|0x0000000710100000, 0x0000000710200000, 0x0000000710200000|100%| E|CS|TAMS 0x0000000710100000, 0x0000000710100000| Complete 
| 242|0x0000000710200000, 0x0000000710300000, 0x0000000710300000|100%| E|CS|TAMS 0x0000000710200000, 0x0000000710200000| Complete 
| 243|0x0000000710300000, 0x0000000710400000, 0x0000000710400000|100%| E|CS|TAMS 0x0000000710300000, 0x0000000710300000| Complete 
| 244|0x0000000710400000, 0x0000000710500000, 0x0000000710500000|100%| E|CS|TAMS 0x0000000710400000, 0x0000000710400000| Complete 
| 245|0x0000000710500000, 0x0000000710600000, 0x0000000710600000|100%| E|CS|TAMS 0x0000000710500000, 0x0000000710500000| Complete 
| 246|0x0000000710600000, 0x0000000710700000, 0x0000000710700000|100%| E|CS|TAMS 0x0000000710600000, 0x0000000710600000| Complete 
| 247|0x0000000710700000, 0x0000000710800000, 0x0000000710800000|100%| E|CS|TAMS 0x0000000710700000, 0x0000000710700000| Complete 
| 248|0x0000000710800000, 0x0000000710900000, 0x0000000710900000|100%| E|CS|TAMS 0x0000000710800000, 0x0000000710800000| Complete 
| 249|0x0000000710900000, 0x0000000710a00000, 0x0000000710a00000|100%| E|CS|TAMS 0x0000000710900000, 0x0000000710900000| Complete 
| 250|0x0000000710a00000, 0x0000000710b00000, 0x0000000710b00000|100%| E|CS|TAMS 0x0000000710a00000, 0x0000000710a00000| Complete 
| 251|0x0000000710b00000, 0x0000000710c00000, 0x0000000710c00000|100%| E|CS|TAMS 0x0000000710b00000, 0x0000000710b00000| Complete 
| 252|0x0000000710c00000, 0x0000000710d00000, 0x0000000710d00000|100%| E|CS|TAMS 0x0000000710c00000, 0x0000000710c00000| Complete 
| 253|0x0000000710d00000, 0x0000000710e00000, 0x0000000710e00000|100%| E|CS|TAMS 0x0000000710d00000, 0x0000000710d00000| Complete 
| 254|0x0000000710e00000, 0x0000000710f00000, 0x0000000710f00000|100%| E|CS|TAMS 0x0000000710e00000, 0x0000000710e00000| Complete 
| 255|0x0000000710f00000, 0x0000000711000000, 0x0000000711000000|100%| E|CS|TAMS 0x0000000710f00000, 0x0000000710f00000| Complete 

Card table byte_map: [0x0000019857a00000,0x0000019858200000] _byte_map_base: 0x00000198541f8000

Marking Bits (Prev, Next): (CMBitMap*) 0x000001983f70cac8, (CMBitMap*) 0x000001983f70cb08
 Prev Bits: [0x0000019858a00000, 0x000001985c9c0000)
 Next Bits: [0x000001985c9c0000, 0x0000019860980000)

Polling page: 0x000001983d6a0000

Metaspace:

Usage:
  Non-class:      8.13 MB capacity,     5.53 MB ( 68%) used,     2.59 MB ( 32%) free+waste,    11.69 KB ( <1%) overhead. 
      Class:    633.00 KB capacity,   317.49 KB ( 50%) used,   309.95 KB ( 49%) free+waste,     5.56 KB ( <1%) overhead. 
       Both:      8.75 MB capacity,     5.84 MB ( 67%) used,     2.89 MB ( 33%) free+waste,    17.25 KB ( <1%) overhead. 

Virtual space:
  Non-class space:       10.00 MB reserved,       8.25 MB ( 83%) committed 
      Class space:        1.00 GB reserved,     640.00 KB ( <1%) committed 
             Both:        1.01 GB reserved,       8.88 MB ( <1%) committed 

Chunk freelists:
   Non-Class:  61.00 KB
       Class:  7.00 KB
        Both:  68.00 KB

MaxMetaspaceSize: 17179869184.00 GB
CompressedClassSpaceSize: 1.00 GB

CodeHeap 'non-profiled nmethods': size=120000Kb used=279Kb max_used=279Kb free=119720Kb
 bounds [0x000001984f670000, 0x000001984f8e0000, 0x0000019856ba0000]
CodeHeap 'profiled nmethods': size=120000Kb used=1522Kb max_used=1522Kb free=118477Kb
 bounds [0x0000019848140000, 0x00000198483b0000, 0x000001984f670000]
CodeHeap 'non-nmethods': size=5760Kb used=1616Kb max_used=1627Kb free=4143Kb
 bounds [0x0000019847ba0000, 0x0000019847e10000, 0x0000019848140000]
 total_blobs=2330 nmethods=866 adapters=913
 compilation: enabled
              stopped_count=0, restarted_count=0
 full_count=0

Compilation events (20 events):
Event: 0.572 Thread 0x0000019863fe7000 nmethod 849 0x00000198482b4f10 code [0x00000198482b50c0, 0x00000198482b53d0]
Event: 0.572 Thread 0x0000019863fe7000  850       3       java.lang.invoke.LambdaForm$Name::isParam (13 bytes)
Event: 0.572 Thread 0x0000019863fe7000 nmethod 850 0x00000198482b5490 code [0x00000198482b5640, 0x00000198482b5818]
Event: 0.572 Thread 0x0000019863fe7000  851       3       java.lang.invoke.InvokerBytecodeGenerator::emitPushArgument (120 bytes)
Event: 0.573 Thread 0x0000019863fe7000 nmethod 851 0x00000198482b5890 code [0x00000198482b5b60, 0x00000198482b6a30]
Event: 0.573 Thread 0x0000019863fe7000  853       3       java.lang.invoke.InvokerBytecodeGenerator::emitLoadInsn (21 bytes)
Event: 0.573 Thread 0x0000019863fe7000 nmethod 853 0x00000198482b6f10 code [0x00000198482b70e0, 0x00000198482b73c0]
Event: 0.573 Thread 0x0000019863fe7000  852       1       java.lang.invoke.LambdaForm$NamedFunction::intrinsicName (5 bytes)
Event: 0.573 Thread 0x0000019863fe7000 nmethod 852 0x000001984f6b4f90 code [0x000001984f6b5120, 0x000001984f6b5258]
Event: 0.573 Thread 0x0000019863fe7000  855       3       java.util.ImmutableCollections$ListN::get (7 bytes)
Event: 0.574 Thread 0x0000019863fe7000 nmethod 855 0x00000198482b7510 code [0x00000198482b76c0, 0x00000198482b7878]
Event: 0.574 Thread 0x0000019863fe7000  857       3       java.lang.invoke.LambdaForm$Name::useCount (42 bytes)
Event: 0.574 Thread 0x0000019863fe7000 nmethod 857 0x00000198482b7910 code [0x00000198482b7ac0, 0x00000198482b7e38]
Event: 0.574 Thread 0x0000019863fe7000  858       3       java.lang.invoke.InvokerBytecodeGenerator::getInternalName (103 bytes)
Event: 0.574 Thread 0x0000019863fe7000 nmethod 858 0x00000198482b7f90 code [0x00000198482b8180, 0x00000198482b86e0]
Event: 0.574 Thread 0x0000019863fe7000  860       3       java.lang.invoke.MemberName$Factory::resolveOrFail (53 bytes)
Event: 0.574 Thread 0x0000019863fe7000 nmethod 860 0x00000198482b8810 code [0x00000198482b8a20, 0x00000198482b91c0]
Event: 0.574 Thread 0x0000019863fe7000  862       3       java.util.ImmutableCollections$ListN::size (6 bytes)
Event: 0.574 Thread 0x0000019863fe7000 nmethod 862 0x00000198482b9410 code [0x00000198482b95c0, 0x00000198482b9758]
Event: 0.574 Thread 0x0000019863fe7000  861   !   3       java.lang.invoke.MemberName::getFieldType (177 bytes)

GC Heap History (0 events):
No events

Deoptimization events (20 events):
Event: 0.102 Thread 0x000001983d59e000 DEOPT PACKING pc=0x000001984817eef4 sp=0x0000000b43ff9080
Event: 0.102 Thread 0x000001983d59e000 DEOPT UNPACKING pc=0x0000019847be964e sp=0x0000000b43ff84d8 mode 0
Event: 0.146 Thread 0x000001983d59e000 Uncommon trap: trap_request=0xffffff45 fr.pc=0x000001984f678164 relative=0x0000000000000044
Event: 0.146 Thread 0x000001983d59e000 Uncommon trap: reason=unstable_if action=reinterpret pc=0x000001984f678164 method=java.lang.CharacterData.of(I)Ljava/lang/CharacterData; @ 4 c2
Event: 0.146 Thread 0x000001983d59e000 DEOPT PACKING pc=0x000001984f678164 sp=0x0000000b43ffb250
Event: 0.146 Thread 0x000001983d59e000 DEOPT UNPACKING pc=0x0000019847be912f sp=0x0000000b43ffb1f0 mode 2
Event: 0.428 Thread 0x000001983d59e000 Uncommon trap: trap_request=0xffffff54 fr.pc=0x000001984f6a5490 relative=0x0000000000000070
Event: 0.428 Thread 0x000001983d59e000 Uncommon trap: reason=speculate_null_assert action=make_not_entrant pc=0x000001984f6a5490 method=sun.misc.Unsafe.putLong(Ljava/lang/Object;JJ)V @ 7 c2
Event: 0.428 Thread 0x000001983d59e000 DEOPT PACKING pc=0x000001984f6a5490 sp=0x0000000b43ffefb0
Event: 0.428 Thread 0x000001983d59e000 DEOPT UNPACKING pc=0x0000019847be912f sp=0x0000000b43ffef28 mode 2
Event: 0.429 Thread 0x000001983d59e000 Uncommon trap: trap_request=0xffffff54 fr.pc=0x000001984f6a5a88 relative=0x0000000000000068
Event: 0.429 Thread 0x000001983d59e000 Uncommon trap: reason=speculate_null_assert action=make_not_entrant pc=0x000001984f6a5a88 method=sun.misc.Unsafe.getLong(Ljava/lang/Object;J)J @ 5 c2
Event: 0.429 Thread 0x000001983d59e000 DEOPT PACKING pc=0x000001984f6a5a88 sp=0x0000000b43ffeff0
Event: 0.429 Thread 0x000001983d59e000 DEOPT UNPACKING pc=0x0000019847be912f sp=0x0000000b43ffef78 mode 2
Event: 0.480 Thread 0x000001983d59e000 DEOPT PACKING pc=0x000001984817b0df sp=0x0000000b43ffd8e0
Event: 0.480 Thread 0x000001983d59e000 DEOPT UNPACKING pc=0x0000019847be964e sp=0x0000000b43ffcd30 mode 0
Event: 0.533 Thread 0x000001983d59e000 Uncommon trap: trap_request=0xffffff45 fr.pc=0x000001984f6a8508 relative=0x0000000000001068
Event: 0.533 Thread 0x000001983d59e000 Uncommon trap: reason=unstable_if action=reinterpret pc=0x000001984f6a8508 method=java.util.LinkedHashMap.linkNodeLast(Ljava/util/LinkedHashMap$Entry;)V @ 11 c2
Event: 0.533 Thread 0x000001983d59e000 DEOPT PACKING pc=0x000001984f6a8508 sp=0x0000000b43ff9e00
Event: 0.533 Thread 0x000001983d59e000 DEOPT UNPACKING pc=0x0000019847be912f sp=0x0000000b43ff9cb0 mode 2

Classes unloaded (0 events):
No events

Classes redefined (0 events):
No events

Internal exceptions (15 events):
Event: 0.116 Thread 0x000001983d59e000 Exception <a 'java/lang/NoSuchMethodError'{0x0000000710ce4ac0}: 'void java.lang.invoke.DelegatingMethodHandle$Holder.delegate(java.lang.Object, java.lang.Object, int, java.lang.Object)'> (0x0000000710ce4ac0) 
thrown [t:/workspace/open/src/hotspot/share/interpreter/linkResolver.cpp, line 767]
Event: 0.117 Thread 0x000001983d59e000 Exception <a 'java/lang/NoSuchMethodError'{0x0000000710ceb818}: 'java.lang.Object java.lang.invoke.DirectMethodHandle$Holder.invokeStaticInit(java.lang.Object, java.lang.Object, java.lang.Object)'> (0x0000000710ceb818) 
thrown [t:/workspace/open/src/hotspot/share/interpreter/linkResolver.cpp, line 767]
Event: 0.135 Thread 0x000001983d59e000 Exception <a 'sun/nio/fs/WindowsException'{0x0000000710b58ad8}> (0x0000000710b58ad8) 
thrown [t:/workspace/open/src/hotspot/share/prims/jni.cpp, line 598]
Event: 0.136 Thread 0x000001983d59e000 Exception <a 'sun/nio/fs/WindowsException'{0x0000000710b59030}> (0x0000000710b59030) 
thrown [t:/workspace/open/src/hotspot/share/prims/jni.cpp, line 598]
Event: 0.167 Thread 0x000001983d59e000 Exception <a 'sun/nio/fs/WindowsException'{0x0000000710914a50}> (0x0000000710914a50) 
thrown [t:/workspace/open/src/hotspot/share/prims/jni.cpp, line 598]
Event: 0.167 Thread 0x000001983d59e000 Exception <a 'sun/nio/fs/WindowsException'{0x0000000710914dc0}> (0x0000000710914dc0) 
thrown [t:/workspace/open/src/hotspot/share/prims/jni.cpp, line 598]
Event: 0.376 Thread 0x000001983d59e000 Exception <a 'java/lang/NoSuchMethodError'{0x0000000710999dc0}: 'void java.lang.invoke.DirectMethodHandle$Holder.invokeStaticInit(java.lang.Object, long, double, double)'> (0x0000000710999dc0) 
thrown [t:/workspace/open/src/hotspot/share/interpreter/linkResolver.cpp, line 767]
Event: 0.377 Thread 0x000001983d59e000 Exception <a 'java/lang/NoSuchMethodError'{0x00000007109ade50}: 'void java.lang.invoke.DirectMethodHandle$Holder.invokeStaticInit(java.lang.Object, long, int, int, int)'> (0x00000007109ade50) 
thrown [t:/workspace/open/src/hotspot/share/interpreter/linkResolver.cpp, line 767]
Event: 0.380 Thread 0x000001983d59e000 Exception <a 'java/lang/NoSuchMethodError'{0x00000007109d16d0}: 'void java.lang.invoke.DirectMethodHandle$Holder.invokeStaticInit(java.lang.Object, long, int, int, int, int)'> (0x00000007109d16d0) 
thrown [t:/workspace/open/src/hotspot/share/interpreter/linkResolver.cpp, line 767]
Event: 0.399 Thread 0x000001983d59e000 Exception <a 'sun/nio/fs/WindowsException'{0x0000000710828308}> (0x0000000710828308) 
thrown [t:/workspace/open/src/hotspot/share/prims/jni.cpp, line 598]
Event: 0.399 Thread 0x000001983d59e000 Exception <a 'sun/nio/fs/WindowsException'{0x00000007108286b8}> (0x00000007108286b8) 
thrown [t:/workspace/open/src/hotspot/share/prims/jni.cpp, line 598]
Event: 0.401 Thread 0x000001983d59e000 Exception <a 'sun/nio/fs/WindowsException'{0x0000000710846750}> (0x0000000710846750) 
thrown [t:/workspace/open/src/hotspot/share/prims/jni.cpp, line 598]
Event: 0.401 Thread 0x000001983d59e000 Exception <a 'sun/nio/fs/WindowsException'{0x0000000710846a38}> (0x0000000710846a38) 
thrown [t:/workspace/open/src/hotspot/share/prims/jni.cpp, line 598]
Event: 0.567 Thread 0x000001983d59e000 Exception <a 'sun/nio/fs/WindowsException'{0x000000070fc12830}> (0x000000070fc12830) 
thrown [t:/workspace/open/src/hotspot/share/prims/jni.cpp, line 598]
Event: 0.567 Thread 0x000001983d59e000 Exception <a 'sun/nio/fs/WindowsException'{0x000000070fc12bb8}> (0x000000070fc12bb8) 
thrown [t:/workspace/open/src/hotspot/share/prims/jni.cpp, line 598]

Events (20 events):
Event: 0.558 loading class org/lwjgl/opengl/GL13C done
Event: 0.559 loading class org/lwjgl/opengl/GL12C
Event: 0.559 loading class org/lwjgl/opengl/GL12C done
Event: 0.559 loading class org/lwjgl/opengl/GL11C
Event: 0.559 loading class org/lwjgl/opengl/GL11C done
Event: 0.560 loading class org/lwjgl/stb/STBImage
Event: 0.560 loading class org/lwjgl/stb/STBImage done
Event: 0.561 loading class org/lwjgl/stb/LibSTB
Event: 0.561 loading class org/lwjgl/stb/LibSTB done
Event: 0.568 Loaded shared library C:\Users\Jakey\AppData\Local\Temp\lwjglJakey\3.2.3-build-13\lwjgl_stb.dll
Event: 0.568 loading class org/joml/Vector4f
Event: 0.568 loading class org/joml/Vector4f done
Event: 0.569 loading class org/joml/Vector4fc
Event: 0.569 loading class org/joml/Vector4fc done
Event: 0.571 loading class jade/GameObject
Event: 0.571 loading class jade/GameObject done
Event: 0.573 loading class java/lang/invoke/BoundMethodHandle$Species_LLLLLL
Event: 0.573 loading class java/lang/invoke/BoundMethodHandle$Species_LLLLLL done
Event: 0.574 loading class java/lang/invoke/BoundMethodHandle$Species_LLLLLLL
Event: 0.574 loading class java/lang/invoke/BoundMethodHandle$Species_LLLLLLL done


Dynamic libraries:
0x00007ff7cf780000 - 0x00007ff7cf78f000 	C:\Program Files\Java\jdk-13\bin\java.exe
0x00007fff200a0000 - 0x00007fff20290000 	C:\Windows\SYSTEM32\ntdll.dll
0x00007fff1e4e0000 - 0x00007fff1e592000 	C:\Windows\System32\KERNEL32.DLL
0x00007fff1d220000 - 0x00007fff1d4c3000 	C:\Windows\System32\KERNELBASE.dll
0x00007fff1d4d0000 - 0x00007fff1d5ca000 	C:\Windows\System32\ucrtbase.dll
0x00007fff0f3f0000 - 0x00007fff0f405000 	C:\Program Files\Java\jdk-13\bin\VCRUNTIME140.dll
0x00007fff17b10000 - 0x00007fff17b28000 	C:\Program Files\Java\jdk-13\bin\jli.dll
0x00007fff1e150000 - 0x00007fff1e1f3000 	C:\Windows\System32\ADVAPI32.dll
0x00007fff1e200000 - 0x00007fff1e29e000 	C:\Windows\System32\msvcrt.dll
0x00007fff1fb20000 - 0x00007fff1fbb7000 	C:\Windows\System32\sechost.dll
0x00007fff1e3c0000 - 0x00007fff1e4e0000 	C:\Windows\System32\RPCRT4.dll
0x00007fff1fbc0000 - 0x00007fff1fd54000 	C:\Windows\System32\USER32.dll
0x00007fff0d1c0000 - 0x00007fff0d445000 	C:\Windows\WinSxS\amd64_microsoft.windows.common-controls_6595b64144ccf1df_6.0.18362.592_none_e6c0b1911312be02\COMCTL32.dll
0x00007fff1d1d0000 - 0x00007fff1d1f1000 	C:\Windows\System32\win32u.dll
0x00007fff1e2a0000 - 0x00007fff1e2c6000 	C:\Windows\System32\GDI32.dll
0x00007fff1ee70000 - 0x00007fff1f1a6000 	C:\Windows\System32\combase.dll
0x00007fff1d600000 - 0x00007fff1d794000 	C:\Windows\System32\gdi32full.dll
0x00007fff1e0b0000 - 0x00007fff1e14e000 	C:\Windows\System32\msvcp_win.dll
0x00007fff1df80000 - 0x00007fff1e000000 	C:\Windows\System32\bcryptPrimitives.dll
0x00007fff15bc0000 - 0x00007fff15bca000 	C:\Windows\SYSTEM32\VERSION.dll
0x00007fff1f270000 - 0x00007fff1f29e000 	C:\Windows\System32\IMM32.DLL
0x00007fff0e3f0000 - 0x00007fff0e48b000 	C:\Program Files\Java\jdk-13\bin\msvcp140.dll
0x00007ffed3d50000 - 0x00007ffed48b6000 	C:\Program Files\Java\jdk-13\bin\server\jvm.dll
0x00007fff1e740000 - 0x00007fff1e748000 	C:\Windows\System32\PSAPI.DLL
0x00007fff198b0000 - 0x00007fff198b9000 	C:\Windows\SYSTEM32\WSOCK32.dll
0x00007fff1b100000 - 0x00007fff1b124000 	C:\Windows\SYSTEM32\WINMM.dll
0x00007fff1e350000 - 0x00007fff1e3bf000 	C:\Windows\System32\WS2_32.dll
0x00007fff1af60000 - 0x00007fff1af8d000 	C:\Windows\SYSTEM32\WINMMBASE.dll
0x00007fff1d030000 - 0x00007fff1d07a000 	C:\Windows\System32\cfgmgr32.dll
0x00007fff1cfc0000 - 0x00007fff1cfd1000 	C:\Windows\System32\kernel.appcore.dll
0x00007fff0fcb0000 - 0x00007fff0fcc0000 	C:\Program Files\Java\jdk-13\bin\verify.dll
0x00007fff06930000 - 0x00007fff06b24000 	C:\Windows\SYSTEM32\DBGHELP.DLL
0x00007fff067f0000 - 0x00007fff0681a000 	C:\Windows\SYSTEM32\dbgcore.DLL
0x00007fff0f3c0000 - 0x00007fff0f3e6000 	C:\Program Files\Java\jdk-13\bin\java.dll
0x00007fff0e3d0000 - 0x00007fff0e3e7000 	C:\Program Files\Java\jdk-13\bin\zip.dll
0x00007fff0fc10000 - 0x00007fff0fc1a000 	C:\Program Files\Java\jdk-13\bin\jimage.dll
0x00007fff1f350000 - 0x00007fff1fa35000 	C:\Windows\System32\SHELL32.dll
0x00007fff1f2a0000 - 0x00007fff1f349000 	C:\Windows\System32\shcore.dll
0x00007fff1d800000 - 0x00007fff1df7f000 	C:\Windows\System32\windows.storage.dll
0x00007fff1cfa0000 - 0x00007fff1cfbf000 	C:\Windows\System32\profapi.dll
0x00007fff1cfe0000 - 0x00007fff1d02a000 	C:\Windows\System32\powrprof.dll
0x00007fff1cf70000 - 0x00007fff1cf80000 	C:\Windows\System32\UMPDC.dll
0x00007fff1e5a0000 - 0x00007fff1e5f2000 	C:\Windows\System32\shlwapi.dll
0x00007fff1d200000 - 0x00007fff1d217000 	C:\Windows\System32\cryptsp.dll
0x00007fff0e3b0000 - 0x00007fff0e3c9000 	C:\Program Files\Java\jdk-13\bin\net.dll
0x00007fff13700000 - 0x00007fff138d6000 	C:\Windows\SYSTEM32\urlmon.dll
0x00007fff18510000 - 0x00007fff18600000 	C:\Windows\SYSTEM32\WINHTTP.dll
0x00007fff13450000 - 0x00007fff136f6000 	C:\Windows\SYSTEM32\iertutil.dll
0x00007fff1c9b0000 - 0x00007fff1c9bc000 	C:\Windows\SYSTEM32\CRYPTBASE.DLL
0x00007fff1c7e0000 - 0x00007fff1c847000 	C:\Windows\system32\mswsock.dll
0x00007fff0e390000 - 0x00007fff0e3a3000 	C:\Program Files\Java\jdk-13\bin\nio.dll
0x00007ffed1340000 - 0x00007ffed13a4000 	C:\Users\Jakey\AppData\Local\Temp\lwjglJakey\3.2.3-build-13\lwjgl.dll
0x00007ffed12d0000 - 0x00007ffed1332000 	C:\Users\Jakey\AppData\Local\Temp\lwjglJakey\3.2.3-build-13\glfw.dll
0x00007fff1b2f0000 - 0x00007fff1b389000 	C:\Windows\system32\uxtheme.dll
0x00007fff07130000 - 0x00007fff07173000 	C:\Windows\SYSTEM32\dinput8.dll
0x00007fff04be0000 - 0x00007fff04bf1000 	C:\Windows\SYSTEM32\xinput1_4.dll
0x00007fff1cd70000 - 0x00007fff1cd9a000 	C:\Windows\SYSTEM32\DEVOBJ.dll
0x00007fff1b710000 - 0x00007fff1b73d000 	C:\Windows\SYSTEM32\dwmapi.dll
0x00007fff0ea30000 - 0x00007fff0eb4a000 	C:\Windows\SYSTEM32\inputhost.dll
0x00007fff1ab10000 - 0x00007fff1abe4000 	C:\Windows\SYSTEM32\CoreMessaging.dll
0x00007fff18b90000 - 0x00007fff18ce3000 	C:\Windows\SYSTEM32\wintypes.dll
0x00007fff17d20000 - 0x00007fff1804a000 	C:\Windows\SYSTEM32\CoreUIComponents.dll
0x00007fff19910000 - 0x00007fff199ff000 	C:\Windows\SYSTEM32\PROPSYS.dll
0x00007fff1ff10000 - 0x00007fff1ffd4000 	C:\Windows\System32\OLEAUT32.dll
0x00007fff1bfd0000 - 0x00007fff1c001000 	C:\Windows\SYSTEM32\ntmarta.dll
0x00007fff1e600000 - 0x00007fff1e735000 	C:\Windows\System32\MSCTF.dll
0x00007fff1bb80000 - 0x00007fff1bb8e000 	C:\Windows\SYSTEM32\HID.DLL
0x00007fff1e760000 - 0x00007fff1ebd0000 	C:\Windows\System32\SETUPAPI.DLL
0x00007fff1d5d0000 - 0x00007fff1d5f6000 	C:\Windows\System32\bcrypt.dll
0x00007fff1d7a0000 - 0x00007fff1d7fc000 	C:\Windows\System32\WINTRUST.dll
0x00007fff1cf80000 - 0x00007fff1cf92000 	C:\Windows\System32\MSASN1.dll
0x00007fff1d080000 - 0x00007fff1d1c9000 	C:\Windows\System32\CRYPT32.dll
0x00007ffef8dc0000 - 0x00007ffef8f16000 	C:\Windows\SYSTEM32\opengl32.dll
0x00007ffefc370000 - 0x00007ffefc39c000 	C:\Windows\SYSTEM32\GLU32.dll
0x00007fff1bbe0000 - 0x00007fff1bc00000 	C:\Windows\SYSTEM32\dxcore.dll
0x00007ffef8d90000 - 0x00007ffef8db9000 	C:\Windows\System32\DriverStore\FileRepository\u0354308.inf_amd64_48534036afa0f0d8\B354265\atig6pxx.dll
0x00007ffedf630000 - 0x00007ffee26f6000 	C:\Windows\System32\DriverStore\FileRepository\u0354308.inf_amd64_48534036afa0f0d8\B354265\atio6axx.dll
0x00007fff1ed10000 - 0x00007fff1ee66000 	C:\Windows\System32\ole32.dll
0x00007fff0f390000 - 0x00007fff0f3b3000 	C:\Windows\SYSTEM32\dxva2.dll
0x00007ffef9190000 - 0x00007ffef91ca000 	C:\Windows\System32\DriverStore\FileRepository\u0354308.inf_amd64_48534036afa0f0d8\B354265\atig6txx.dll
0x00007ffef89d0000 - 0x00007ffef8b7e000 	C:\Windows\SYSTEM32\atiadlxx.dll
0x00007fff10880000 - 0x00007fff1091e000 	C:\Windows\System32\TextInputFramework.dll
0x00007ffed1130000 - 0x00007ffed1189000 	C:\Users\Jakey\AppData\Local\Temp\lwjglJakey\3.2.3-build-13\lwjgl_opengl.dll
0x00007ffed10b0000 - 0x00007ffed1127000 	C:\Users\Jakey\AppData\Local\Temp\lwjglJakey\3.2.3-build-13\lwjgl_stb.dll

dbghelp: loaded successfully - version: 4.0.5 - missing functions: none
symbol engine: initialized successfully - sym options: 0x614 - pdb path: .;C:\Program Files\Java\jdk-13\bin;C:\Windows\SYSTEM32;C:\Windows\WinSxS\amd64_microsoft.windows.common-controls_6595b64144ccf1df_6.0.18362.592_none_e6c0b1911312be02;C:\Program Files\Java\jdk-13\bin\server;C:\Users\Jakey\AppData\Local\Temp\lwjglJakey\3.2.3-build-13;C:\Windows\System32\DriverStore\FileRepository\u0354308.inf_amd64_48534036afa0f0d8\B354265

VM Arguments:
jvm_args: -Dfile.encoding=windows-31j -Duser.country=GB -Duser.language=en -Duser.variant -ea 
java_command: Main
java_class_path (initial): C:\Users\Jakey\Desktop\intelji\build\classes\java\main;C:\Users\Jakey\Desktop\intelji\build\resources\main;C:\Users\Jakey\.gradle\caches\modules-2\files-2.1\org.lwjgl\lwjgl-assimp\3.2.3\f62aa07a20afbdd3097efc296c4841e0d29700eb\lwjgl-assimp-3.2.3.jar;C:\Users\Jakey\.gradle\caches\modules-2\files-2.1\org.lwjgl\lwjgl-assimp\3.2.3\4e60aeb75f0343c4a9ede4ef8b6b32ca702a00a3\lwjgl-assimp-3.2.3-natives-windows.jar;C:\Users\Jakey\.gradle\caches\modules-2\files-2.1\org.lwjgl\lwjgl-glfw\3.2.3\5e520d5c290c8b012545a8d34fa5db5ab051ea53\lwjgl-glfw-3.2.3.jar;C:\Users\Jakey\.gradle\caches\modules-2\files-2.1\org.lwjgl\lwjgl-glfw\3.2.3\b4d8a3477cdc2edcf7a5f1e822926be846223f54\lwjgl-glfw-3.2.3-natives-windows.jar;C:\Users\Jakey\.gradle\caches\modules-2\files-2.1\org.lwjgl\lwjgl-nfd\3.2.3\c44fee1043c022cf6614a28872d44cf114ca7737\lwjgl-nfd-3.2.3.jar;C:\Users\Jakey\.gradle\caches\modules-2\files-2.1\org.lwjgl\lwjgl-nfd\3.2.3\32782f5f5c57769efb82af864e70b819c77bc891\lwjgl-nfd-3.2.3-natives-windows.jar;C:\Users\Jakey\.gradle\caches\modules-2\files-2.1\org.lwjgl\lwjgl-openal\3.2.3\106742e805803ab9eab8e343f0fb31a3d263903c\lwjgl-openal-3.2.3.jar;C:\Users\Jakey\.gradle\caches\modules-2\files-2.1\org.lwjgl\lwjgl-openal\3.2.3\ec898e8ce11b5886f4f532a1536283ef2817758d\lwjgl-openal-3.2.3-natives-windows.jar;C:\Users\Jakey\.gradle\caches\modules-2\files-2.1\org.lwjgl\lwjgl-opengl\3.2.3\bdd534a323d0c8f54969b95e424b6ac8984f7d6e\lwjgl-opengl-3.2.3.jar;C:\Users\Jakey\.gradle\caches\modules-2\files-2.1\org.lwjgl\lwjgl-opengl\3.2.3\e81cfc73ec8708e5e791ed770e4ec3edfc1bbab1\lwjgl-opengl-3.2.3-natives-windows.jar;C:\Users\Jakey\.gradle\caches\modules-2\files-2.1\org.lwjgl\lwjgl-stb\3.2.3\40eccaa4fa86fc815f2e17946a392fb5fdcc286a\lwjgl-stb-3.2.3.jar;C:\Users\Jakey\.gradle\caches\modules-2\files-2.1\org.lwjgl\lwjgl-stb\3.2.3\817b21ec286f0ba3dcedb56a3bd275e6a9345be9\lwjgl-stb-3.2.3-natives-windows.jar;C:\Users\Jakey\.gradle\caches\modules-2\files-2.1\org.lwjgl\lwjgl\3.2.3\17a59ba0fe8d
Launcher Type: SUN_STANDARD

[Global flags]
     intx CICompilerCount                          = 4                                         {product} {ergonomic}
     uint ConcGCThreads                            = 3                                         {product} {ergonomic}
     uint G1ConcRefinementThreads                  = 10                                        {product} {ergonomic}
   size_t G1HeapRegionSize                         = 1048576                                   {product} {ergonomic}
    uintx GCDrainStackTargetSize                   = 64                                        {product} {ergonomic}
   size_t InitialHeapSize                          = 268435456                                 {product} {ergonomic}
   size_t MarkStackSize                            = 4194304                                   {product} {ergonomic}
   size_t MaxHeapSize                              = 4278190080                                {product} {ergonomic}
   size_t MaxNewSize                               = 2566914048                                {product} {ergonomic}
   size_t MinHeapDeltaBytes                        = 1048576                                   {product} {ergonomic}
   size_t MinHeapSize                              = 8388608                                   {product} {ergonomic}
    uintx NonNMethodCodeHeapSize                   = 5836300                                {pd product} {ergonomic}
    uintx NonProfiledCodeHeapSize                  = 122910970                              {pd product} {ergonomic}
    uintx ProfiledCodeHeapSize                     = 122910970                              {pd product} {ergonomic}
    uintx ReservedCodeCacheSize                    = 251658240                              {pd product} {ergonomic}
     bool SegmentedCodeCache                       = true                                      {product} {ergonomic}
   size_t SoftMaxHeapSize                          = 4278190080                             {manageable} {ergonomic}
     bool UseCompressedClassPointers               = true                                 {lp64_product} {ergonomic}
     bool UseCompressedOops                        = true                                 {lp64_product} {ergonomic}
     bool UseG1GC                                  = true                                      {product} {ergonomic}
     bool UseLargePagesIndividualAllocation        = false                                  {pd product} {ergonomic}

Logging:
Log output configuration:
 #0: stdout all=warning uptime,level,tags
 #1: stderr all=off uptime,level,tags

Environment Variables:
PATH=C:\Program Files (x86)\Common Files\Oracle\Java\javapath;C:\Windows\system32;C:\Windows;C:\Windows\System32\Wbem;C:\Windows\System32\WindowsPowerShell\v1.0\;C:\Windows\System32\OpenSSH\;C:\Program Files\Java\jdk-13\bin;C:\Program Files\dotnet\;C:\Program Files\Microsoft SQL Server\130\Tools\Binn\;C:\Program Files\Microsoft SQL Server\Client SDK\ODBC\170\Tools\Binn\;C:\Program Files\nodejs\;"C:\Users\Jakey\AppData\Local\Microsoft\WindowsApps;C:\Program Files\Java\jdk-13";C:\Program Files\Java\jdk-13;C:\Users\Jakey\AppData\Roaming\npm
USERNAME=Jakey
OS=Windows_NT
PROCESSOR_IDENTIFIER=AMD64 Family 23 Model 8 Stepping 2, AuthenticAMD



---------------  S Y S T E M  ---------------

OS: Windows 10 , 64 bit Build 18362 (10.0.18362.329)

CPU:total 12 (initial active 12) (12 cores per cpu, 2 threads per core) family 23 model 8 stepping 2, cmov, cx8, fxsr, mmx, sse, sse2, sse3, ssse3, sse4.1, sse4.2, popcnt, avx, avx2, aes, clmul, mmxext, 3dnowpref, lzcnt, sse4a, ht, tsc, tscinvbit, tscinv, bmi1, bmi2, adx, sha, fma

Memory: 4k page, system-wide physical 16315M (11174M free)
TotalPageFile size 18747M (AvailPageFile size 10040M)
current process WorkingSet (physical memory assigned to process): 100M, peak: 100M
current process commit charge ("private bytes"): 448M, peak: 448M

vm_info: Java HotSpot(TM) 64-Bit Server VM (13+33) for windows-amd64 JRE (13+33), built on Sep 18 2019 21:38:00 by "mach5one" with unknown MS VC++:1916

END.
