#
# A fatal error has been detected by the Java Runtime Environment:
#
#  EXCEPTION_ACCESS_VIOLATION (0xc0000005) at pc=0x00007ffabe11d105, pid=11192, tid=6548
#
# JRE version: Java(TM) SE Runtime Environment (13.0+33) (build 13+33)
# Java VM: Java HotSpot(TM) 64-Bit Server VM (13+33, mixed mode, sharing, tiered, compressed oops, g1 gc, windows-amd64)
# Problematic frame:
# C  [atio6axx.dll+0x1d7d105]
#
# No core dump will be written. Minidumps are not enabled by default on client versions of Windows
#
# If you would like to submit a bug report, please visit:
#   http://bugreport.java.com/bugreport/crash.jsp
# The crash happened outside the Java Virtual Machine in native code.
# See problematic frame for where to report the bug.
#

---------------  S U M M A R Y ------------

Command Line: -Dfile.encoding=windows-31j -Duser.country=GB -Duser.language=en -Duser.variant -ea Main

Host: AMD Ryzen 5 2600 Six-Core Processor            , 12 cores, 15G,  Windows 10 , 64 bit Build 18362 (10.0.18362.329)
Time: Mon Oct 12 10:33:21 2020 GMT Summer Time elapsed time: 1 seconds (0d 0h 0m 1s)

---------------  T H R E A D  ---------------

Current thread (0x000001e6e45b3000):  JavaThread "main" [_thread_in_native, id=6548, stack(0x000000d6aa600000,0x000000d6aa700000)]

Stack: [0x000000d6aa600000,0x000000d6aa700000],  sp=0x000000d6aa6fe3f8,  free space=1016k
Native frames: (J=compiled Java code, j=interpreted, Vv=VM code, C=native code)
C  [atio6axx.dll+0x1d7d105]

Java frames: (J=compiled Java code, j=interpreted, Vv=VM code)
j  org.lwjgl.opengl.GL11C.nglTexImage2D(IIIIIIIIJ)V+0
j  org.lwjgl.opengl.GL11C.glTexImage2D(IIIIIIIILjava/nio/ByteBuffer;)V+17
j  org.lwjgl.opengl.GL11.glTexImage2D(IIIIIIIILjava/nio/ByteBuffer;)V+14
j  renderer.Texture.<init>(Ljava/lang/String;)V+132
j  jade.LevelEditorScene.init()V+45
j  jade.Window.changeScene(I)V+41
j  jade.Window.init()V+162
j  jade.Window.run()V+15
j  Main.main([Ljava/lang/String;)V+5
v  ~StubRoutines::call_stub

siginfo: EXCEPTION_ACCESS_VIOLATION (0xc0000005), reading address 0x000001e69304bff0


Register to memory mapping:

RIP=0x00007ffabe11d105 atio6axx.dll
RAX=0x000001e6933bf040 points into unknown readable memory: 00 00 00 00 00 00 00 00
RBX=0x000001e68d583cd0 points into unknown readable memory: 01 00 00 00 80 07 00 00
RCX=0x000001e693ae8fb0 points into unknown readable memory: 00 00 00 00 00 00 00 00
RDX=0xffffffffff563000 is an unknown value
RSP=0x000000d6aa6fe3f8 is pointing into the stack for thread: 0x000001e6e45b3000
RBP=0x000001e688f9c038 points into unknown readable memory: 00 00 e1 00 00 00 00 00
RSI=0x000001e688f9c038 points into unknown readable memory: 00 00 e1 00 00 00 00 00
RDI=0x0000000000e10000 is an unknown value
R8 =0x0000000000e0fff0 is an unknown value
R9 =0x000000000001539f is an unknown value
R10=0x000001e6925af040 points into unknown readable memory: ff ff ff ff ff ff ff ff
R11=0x000001e69304c040 points into unknown readable memory: 00 00 00 00 00 00 00 00
R12=0x000000d6aa6fe570 is pointing into the stack for thread: 0x000001e6e45b3000
R13=0x000001e6925af040 points into unknown readable memory: ff ff ff ff ff ff ff ff
R14=0x0000000000001e00 is an unknown value
R15=0x0000000000001e00 is an unknown value


Registers:
RAX=0x000001e6933bf040, RBX=0x000001e68d583cd0, RCX=0x000001e693ae8fb0, RDX=0xffffffffff563000
RSP=0x000000d6aa6fe3f8, RBP=0x000001e688f9c038, RSI=0x000001e688f9c038, RDI=0x0000000000e10000
R8 =0x0000000000e0fff0, R9 =0x000000000001539f, R10=0x000001e6925af040, R11=0x000001e69304c040
R12=0x000000d6aa6fe570, R13=0x000001e6925af040, R14=0x0000000000001e00, R15=0x0000000000001e00
RIP=0x00007ffabe11d105, EFLAGS=0x0000000000010202

Top of Stack: (sp=0x000000d6aa6fe3f8)
0x000000d6aa6fe3f8:   00007ffabd9a8251 000001e68d583cd0
0x000000d6aa6fe408:   000001e6e24a5040 0000000000000000
0x000000d6aa6fe418:   000001e6e24a0000 00007ffabf0e8028
0x000000d6aa6fe428:   0000000000000854 000001e68cd53580
0x000000d6aa6fe438:   000001e6e24a0d50 000001e68cc48430
0x000000d6aa6fe448:   000001e68ccc4830 0000000000000000
0x000000d6aa6fe458:   0000000000000780 000001e68cc48430
0x000000d6aa6fe468:   000000d6aa6fe730 000000d6aa6fe600
0x000000d6aa6fe478:   00007ffabd9a8402 000001e6e22d0001
0x000000d6aa6fe488:   000001e68ccc4830 000000d6aa6fe700
0x000000d6aa6fe498:   0000000800000003 0000000000000001
0x000000d6aa6fe4a8:   000000d600000000 000001e600000036
0x000000d6aa6fe4b8:   000001e68ccee300 000001e6925af040
0x000000d6aa6fe4c8:   0000000000000001 000000d6aa6fe700
0x000000d6aa6fe4d8:   0000000000000000 0000000000001e00
0x000000d6aa6fe4e8:   0000000000000000 000001e600000000 

Instructions: (pc=0x00007ffabe11d105)
0x00007ffabe11d005:   10 04 11 48 83 c1 10 49 ff c9 75 ef 49 83 e0 0f
0x00007ffabe11d015:   74 0d 4a 8d 04 01 0f 10 4c 10 f0 0f 11 48 f0 0f
0x00007ffabe11d025:   11 41 f0 49 8b c3 c3 0f 1f 40 00 0f 2b 41 e0 0f
0x00007ffabe11d035:   2b 49 f0 0f 18 84 11 00 02 00 00 0f 10 04 11 0f
0x00007ffabe11d045:   10 4c 11 10 48 81 c1 80 00 00 00 0f 2b 41 80 0f
0x00007ffabe11d055:   2b 49 90 0f 10 44 11 a0 0f 10 4c 11 b0 49 ff c9
0x00007ffabe11d065:   0f 2b 41 a0 0f 2b 49 b0 0f 10 44 11 c0 0f 10 4c
0x00007ffabe11d075:   11 d0 0f 18 84 11 40 02 00 00 0f 2b 41 c0 0f 2b
0x00007ffabe11d085:   49 d0 0f 10 44 11 e0 0f 10 4c 11 f0 75 9d 0f ae
0x00007ffabe11d095:   f8 e9 38 ff ff ff 0f 1f 44 00 00 49 03 c8 0f 10
0x00007ffabe11d0a5:   44 11 f0 48 83 e9 10 49 83 e8 10 f6 c1 0f 74 17
0x00007ffabe11d0b5:   48 8b c1 48 83 e1 f0 0f 10 c8 0f 10 04 11 0f 11
0x00007ffabe11d0c5:   08 4c 8b c1 4d 2b c3 4d 8b c8 49 c1 e9 07 74 68
0x00007ffabe11d0d5:   0f 29 01 eb 0d 66 0f 1f 44 00 00 0f 29 41 10 0f
0x00007ffabe11d0e5:   29 09 0f 10 44 11 f0 0f 10 4c 11 e0 48 81 e9 80
0x00007ffabe11d0f5:   00 00 00 0f 29 41 70 0f 29 49 60 0f 10 44 11 50
0x00007ffabe11d105:   0f 10 4c 11 40 49 ff c9 0f 29 41 50 0f 29 49 40
0x00007ffabe11d115:   0f 10 44 11 30 0f 10 4c 11 20 0f 29 41 30 0f 29
0x00007ffabe11d125:   49 20 0f 10 44 11 10 0f 10 0c 11 75 ae 0f 29 41
0x00007ffabe11d135:   10 49 83 e0 7f 0f 28 c1 4d 8b c8 49 c1 e9 04 74
0x00007ffabe11d145:   1a 66 66 0f 1f 84 00 00 00 00 00 0f 11 01 48 83
0x00007ffabe11d155:   e9 10 0f 10 04 11 49 ff c9 75 f0 49 83 e0 0f 74
0x00007ffabe11d165:   08 41 0f 10 0a 41 0f 11 0b 0f 11 01 49 8b c3 c3
0x00007ffabe11d175:   cc cc cc 48 89 5c 24 10 48 89 7c 24 18 55 48 8b
0x00007ffabe11d185:   ec 48 83 ec 60 0f 28 05 3f 3c 1a 00 48 8b da 0f
0x00007ffabe11d195:   28 0d 45 3c 1a 00 48 8b f9 0f 29 45 c0 0f 28 05
0x00007ffabe11d1a5:   47 3c 1a 00 0f 29 4d d0 0f 28 0d 4c 3c 1a 00 0f
0x00007ffabe11d1b5:   29 45 e0 0f 29 4d f0 48 85 d2 74 1d f6 02 10 74
0x00007ffabe11d1c5:   18 48 8b 09 48 83 e9 08 48 8b 01 48 8b 58 30 48
0x00007ffabe11d1d5:   8b 40 40 ff 15 0a 17 19 00 48 8d 55 10 48 89 7d
0x00007ffabe11d1e5:   e8 48 8b cb 48 89 5d f0 ff 15 45 14 19 00 48 89
0x00007ffabe11d1f5:   45 10 48 89 45 f8 48 85 db 74 11 f6 03 08 75 05 


Stack slot to memory mapping:
stack at sp + 0 slots: 0x00007ffabd9a8251 atio6axx.dll
stack at sp + 1 slots: 0x000001e68d583cd0 points into unknown readable memory: 01 00 00 00 80 07 00 00
stack at sp + 2 slots: 0x000001e6e24a5040 points into unknown readable memory: 50 0d 4a e2 e6 01 00 00
stack at sp + 3 slots: 0x0 is NULL
stack at sp + 4 slots: 0x000001e6e24a0000 points into unknown readable memory: 00 00 00 00 00 00 00 00
stack at sp + 5 slots: 0x00007ffabf0e8028 atio6axx.dll
stack at sp + 6 slots: 0x0000000000000854 is an unknown value
stack at sp + 7 slots: 0x000001e68cd53580 points into unknown readable memory: 00 08 04 8d e6 01 00 00


---------------  P R O C E S S  ---------------

Threads class SMR info:
_java_thread_list=0x000001e68d5a6660, length=10, elements={
0x000001e6e45b3000, 0x000001e6886e5000, 0x000001e6886e9000, 0x000001e688f88000,
0x000001e688f89000, 0x000001e688f8b800, 0x000001e688f90000, 0x000001e688f9a800,
0x000001e6890ec800, 0x000001e6890e1800
}

Java Threads: ( => current thread )
=>0x000001e6e45b3000 JavaThread "main" [_thread_in_native, id=6548, stack(0x000000d6aa600000,0x000000d6aa700000)]
  0x000001e6886e5000 JavaThread "Reference Handler" daemon [_thread_blocked, id=4692, stack(0x000000d6aad00000,0x000000d6aae00000)]
  0x000001e6886e9000 JavaThread "Finalizer" daemon [_thread_blocked, id=3496, stack(0x000000d6aae00000,0x000000d6aaf00000)]
  0x000001e688f88000 JavaThread "Signal Dispatcher" daemon [_thread_blocked, id=3348, stack(0x000000d6aaf00000,0x000000d6ab000000)]
  0x000001e688f89000 JavaThread "Attach Listener" daemon [_thread_blocked, id=6932, stack(0x000000d6ab000000,0x000000d6ab100000)]
  0x000001e688f8b800 JavaThread "C2 CompilerThread0" daemon [_thread_blocked, id=4792, stack(0x000000d6ab100000,0x000000d6ab200000)]
  0x000001e688f90000 JavaThread "C1 CompilerThread0" daemon [_thread_blocked, id=7852, stack(0x000000d6ab200000,0x000000d6ab300000)]
  0x000001e688f9a800 JavaThread "Sweeper thread" daemon [_thread_blocked, id=8128, stack(0x000000d6ab300000,0x000000d6ab400000)]
  0x000001e6890ec800 JavaThread "Service Thread" daemon [_thread_blocked, id=1284, stack(0x000000d6ab400000,0x000000d6ab500000)]
  0x000001e6890e1800 JavaThread "Common-Cleaner" daemon [_thread_blocked, id=10544, stack(0x000000d6ab600000,0x000000d6ab700000)]

Other Threads:
  0x000001e6886e2000 VMThread "VM Thread" [stack: 0x000000d6aac00000,0x000000d6aad00000] [id=1864]
  0x000001e6890df800 WatcherThread [stack: 0x000000d6ab500000,0x000000d6ab600000] [id=9764]
  0x000001e6e461d800 GCTaskThread "GC Thread#0" [stack: 0x000000d6aa700000,0x000000d6aa800000] [id=1104]
  0x000001e6e4640000 ConcurrentGCThread "G1 Main Marker" [stack: 0x000000d6aa800000,0x000000d6aa900000] [id=5292]
  0x000001e6e4642000 ConcurrentGCThread "G1 Conc#0" [stack: 0x000000d6aa900000,0x000000d6aaa00000] [id=5512]
  0x000001e6885d9800 ConcurrentGCThread "G1 Refine#0" [stack: 0x000000d6aaa00000,0x000000d6aab00000] [id=3724]
  0x000001e6885db800 ConcurrentGCThread "G1 Young RemSet Sampling" [stack: 0x000000d6aab00000,0x000000d6aac00000] [id=6308]

Threads with active compile tasks:

VM state:not at safepoint (normal execution)

VM Mutex/Monitor currently owned by a thread: None

Heap address: 0x0000000701000000, size: 4080 MB, Compressed Oops mode: Zero based, Oop shift amount: 3
Narrow klass base: 0x0000000800000000, Narrow klass shift: 3
Compressed class space size: 1073741824 Address: 0x0000000800b40000

Heap:
 garbage-first heap   total 262144K, used 18432K [0x0000000701000000, 0x0000000800000000)
  region size 1024K, 20 young (20480K), 0 survivors (0K)
 Metaspace       used 5949K, capacity 8925K, committed 9088K, reserved 1058816K
  class space    used 306K, capacity 620K, committed 640K, reserved 1048576K
Heap Regions: E=young(eden), S=young(survivor), O=old, HS=humongous(starts), HC=humongous(continues), CS=collection set, F=free, A=archive, TAMS=top-at-mark-start (previous, next)
|   0|0x0000000701000000, 0x0000000701000000, 0x0000000701100000|  0%| F|  |TAMS 0x0000000701000000, 0x0000000701000000| Untracked 
|   1|0x0000000701100000, 0x0000000701100000, 0x0000000701200000|  0%| F|  |TAMS 0x0000000701100000, 0x0000000701100000| Untracked 
|   2|0x0000000701200000, 0x0000000701200000, 0x0000000701300000|  0%| F|  |TAMS 0x0000000701200000, 0x0000000701200000| Untracked 
|   3|0x0000000701300000, 0x0000000701300000, 0x0000000701400000|  0%| F|  |TAMS 0x0000000701300000, 0x0000000701300000| Untracked 
|   4|0x0000000701400000, 0x0000000701400000, 0x0000000701500000|  0%| F|  |TAMS 0x0000000701400000, 0x0000000701400000| Untracked 
|   5|0x0000000701500000, 0x0000000701500000, 0x0000000701600000|  0%| F|  |TAMS 0x0000000701500000, 0x0000000701500000| Untracked 
|   6|0x0000000701600000, 0x0000000701600000, 0x0000000701700000|  0%| F|  |TAMS 0x0000000701600000, 0x0000000701600000| Untracked 
|   7|0x0000000701700000, 0x0000000701700000, 0x0000000701800000|  0%| F|  |TAMS 0x0000000701700000, 0x0000000701700000| Untracked 
|   8|0x0000000701800000, 0x0000000701800000, 0x0000000701900000|  0%| F|  |TAMS 0x0000000701800000, 0x0000000701800000| Untracked 
|   9|0x0000000701900000, 0x0000000701900000, 0x0000000701a00000|  0%| F|  |TAMS 0x0000000701900000, 0x0000000701900000| Untracked 
|  10|0x0000000701a00000, 0x0000000701a00000, 0x0000000701b00000|  0%| F|  |TAMS 0x0000000701a00000, 0x0000000701a00000| Untracked 
|  11|0x0000000701b00000, 0x0000000701b00000, 0x0000000701c00000|  0%| F|  |TAMS 0x0000000701b00000, 0x0000000701b00000| Untracked 
|  12|0x0000000701c00000, 0x0000000701c00000, 0x0000000701d00000|  0%| F|  |TAMS 0x0000000701c00000, 0x0000000701c00000| Untracked 
|  13|0x0000000701d00000, 0x0000000701d00000, 0x0000000701e00000|  0%| F|  |TAMS 0x0000000701d00000, 0x0000000701d00000| Untracked 
|  14|0x0000000701e00000, 0x0000000701e00000, 0x0000000701f00000|  0%| F|  |TAMS 0x0000000701e00000, 0x0000000701e00000| Untracked 
|  15|0x0000000701f00000, 0x0000000701f00000, 0x0000000702000000|  0%| F|  |TAMS 0x0000000701f00000, 0x0000000701f00000| Untracked 
|  16|0x0000000702000000, 0x0000000702000000, 0x0000000702100000|  0%| F|  |TAMS 0x0000000702000000, 0x0000000702000000| Untracked 
|  17|0x0000000702100000, 0x0000000702100000, 0x0000000702200000|  0%| F|  |TAMS 0x0000000702100000, 0x0000000702100000| Untracked 
|  18|0x0000000702200000, 0x0000000702200000, 0x0000000702300000|  0%| F|  |TAMS 0x0000000702200000, 0x0000000702200000| Untracked 
|  19|0x0000000702300000, 0x0000000702300000, 0x0000000702400000|  0%| F|  |TAMS 0x0000000702300000, 0x0000000702300000| Untracked 
|  20|0x0000000702400000, 0x0000000702400000, 0x0000000702500000|  0%| F|  |TAMS 0x0000000702400000, 0x0000000702400000| Untracked 
|  21|0x0000000702500000, 0x0000000702500000, 0x0000000702600000|  0%| F|  |TAMS 0x0000000702500000, 0x0000000702500000| Untracked 
|  22|0x0000000702600000, 0x0000000702600000, 0x0000000702700000|  0%| F|  |TAMS 0x0000000702600000, 0x0000000702600000| Untracked 
|  23|0x0000000702700000, 0x0000000702700000, 0x0000000702800000|  0%| F|  |TAMS 0x0000000702700000, 0x0000000702700000| Untracked 
|  24|0x0000000702800000, 0x0000000702800000, 0x0000000702900000|  0%| F|  |TAMS 0x0000000702800000, 0x0000000702800000| Untracked 
|  25|0x0000000702900000, 0x0000000702900000, 0x0000000702a00000|  0%| F|  |TAMS 0x0000000702900000, 0x0000000702900000| Untracked 
|  26|0x0000000702a00000, 0x0000000702a00000, 0x0000000702b00000|  0%| F|  |TAMS 0x0000000702a00000, 0x0000000702a00000| Untracked 
|  27|0x0000000702b00000, 0x0000000702b00000, 0x0000000702c00000|  0%| F|  |TAMS 0x0000000702b00000, 0x0000000702b00000| Untracked 
|  28|0x0000000702c00000, 0x0000000702c00000, 0x0000000702d00000|  0%| F|  |TAMS 0x0000000702c00000, 0x0000000702c00000| Untracked 
|  29|0x0000000702d00000, 0x0000000702d00000, 0x0000000702e00000|  0%| F|  |TAMS 0x0000000702d00000, 0x0000000702d00000| Untracked 
|  30|0x0000000702e00000, 0x0000000702e00000, 0x0000000702f00000|  0%| F|  |TAMS 0x0000000702e00000, 0x0000000702e00000| Untracked 
|  31|0x0000000702f00000, 0x0000000702f00000, 0x0000000703000000|  0%| F|  |TAMS 0x0000000702f00000, 0x0000000702f00000| Untracked 
|  32|0x0000000703000000, 0x0000000703000000, 0x0000000703100000|  0%| F|  |TAMS 0x0000000703000000, 0x0000000703000000| Untracked 
|  33|0x0000000703100000, 0x0000000703100000, 0x0000000703200000|  0%| F|  |TAMS 0x0000000703100000, 0x0000000703100000| Untracked 
|  34|0x0000000703200000, 0x0000000703200000, 0x0000000703300000|  0%| F|  |TAMS 0x0000000703200000, 0x0000000703200000| Untracked 
|  35|0x0000000703300000, 0x0000000703300000, 0x0000000703400000|  0%| F|  |TAMS 0x0000000703300000, 0x0000000703300000| Untracked 
|  36|0x0000000703400000, 0x0000000703400000, 0x0000000703500000|  0%| F|  |TAMS 0x0000000703400000, 0x0000000703400000| Untracked 
|  37|0x0000000703500000, 0x0000000703500000, 0x0000000703600000|  0%| F|  |TAMS 0x0000000703500000, 0x0000000703500000| Untracked 
|  38|0x0000000703600000, 0x0000000703600000, 0x0000000703700000|  0%| F|  |TAMS 0x0000000703600000, 0x0000000703600000| Untracked 
|  39|0x0000000703700000, 0x0000000703700000, 0x0000000703800000|  0%| F|  |TAMS 0x0000000703700000, 0x0000000703700000| Untracked 
|  40|0x0000000703800000, 0x0000000703800000, 0x0000000703900000|  0%| F|  |TAMS 0x0000000703800000, 0x0000000703800000| Untracked 
|  41|0x0000000703900000, 0x0000000703900000, 0x0000000703a00000|  0%| F|  |TAMS 0x0000000703900000, 0x0000000703900000| Untracked 
|  42|0x0000000703a00000, 0x0000000703a00000, 0x0000000703b00000|  0%| F|  |TAMS 0x0000000703a00000, 0x0000000703a00000| Untracked 
|  43|0x0000000703b00000, 0x0000000703b00000, 0x0000000703c00000|  0%| F|  |TAMS 0x0000000703b00000, 0x0000000703b00000| Untracked 
|  44|0x0000000703c00000, 0x0000000703c00000, 0x0000000703d00000|  0%| F|  |TAMS 0x0000000703c00000, 0x0000000703c00000| Untracked 
|  45|0x0000000703d00000, 0x0000000703d00000, 0x0000000703e00000|  0%| F|  |TAMS 0x0000000703d00000, 0x0000000703d00000| Untracked 
|  46|0x0000000703e00000, 0x0000000703e00000, 0x0000000703f00000|  0%| F|  |TAMS 0x0000000703e00000, 0x0000000703e00000| Untracked 
|  47|0x0000000703f00000, 0x0000000703f00000, 0x0000000704000000|  0%| F|  |TAMS 0x0000000703f00000, 0x0000000703f00000| Untracked 
|  48|0x0000000704000000, 0x0000000704000000, 0x0000000704100000|  0%| F|  |TAMS 0x0000000704000000, 0x0000000704000000| Untracked 
|  49|0x0000000704100000, 0x0000000704100000, 0x0000000704200000|  0%| F|  |TAMS 0x0000000704100000, 0x0000000704100000| Untracked 
|  50|0x0000000704200000, 0x0000000704200000, 0x0000000704300000|  0%| F|  |TAMS 0x0000000704200000, 0x0000000704200000| Untracked 
|  51|0x0000000704300000, 0x0000000704300000, 0x0000000704400000|  0%| F|  |TAMS 0x0000000704300000, 0x0000000704300000| Untracked 
|  52|0x0000000704400000, 0x0000000704400000, 0x0000000704500000|  0%| F|  |TAMS 0x0000000704400000, 0x0000000704400000| Untracked 
|  53|0x0000000704500000, 0x0000000704500000, 0x0000000704600000|  0%| F|  |TAMS 0x0000000704500000, 0x0000000704500000| Untracked 
|  54|0x0000000704600000, 0x0000000704600000, 0x0000000704700000|  0%| F|  |TAMS 0x0000000704600000, 0x0000000704600000| Untracked 
|  55|0x0000000704700000, 0x0000000704700000, 0x0000000704800000|  0%| F|  |TAMS 0x0000000704700000, 0x0000000704700000| Untracked 
|  56|0x0000000704800000, 0x0000000704800000, 0x0000000704900000|  0%| F|  |TAMS 0x0000000704800000, 0x0000000704800000| Untracked 
|  57|0x0000000704900000, 0x0000000704900000, 0x0000000704a00000|  0%| F|  |TAMS 0x0000000704900000, 0x0000000704900000| Untracked 
|  58|0x0000000704a00000, 0x0000000704a00000, 0x0000000704b00000|  0%| F|  |TAMS 0x0000000704a00000, 0x0000000704a00000| Untracked 
|  59|0x0000000704b00000, 0x0000000704b00000, 0x0000000704c00000|  0%| F|  |TAMS 0x0000000704b00000, 0x0000000704b00000| Untracked 
|  60|0x0000000704c00000, 0x0000000704c00000, 0x0000000704d00000|  0%| F|  |TAMS 0x0000000704c00000, 0x0000000704c00000| Untracked 
|  61|0x0000000704d00000, 0x0000000704d00000, 0x0000000704e00000|  0%| F|  |TAMS 0x0000000704d00000, 0x0000000704d00000| Untracked 
|  62|0x0000000704e00000, 0x0000000704e00000, 0x0000000704f00000|  0%| F|  |TAMS 0x0000000704e00000, 0x0000000704e00000| Untracked 
|  63|0x0000000704f00000, 0x0000000704f00000, 0x0000000705000000|  0%| F|  |TAMS 0x0000000704f00000, 0x0000000704f00000| Untracked 
|  64|0x0000000705000000, 0x0000000705000000, 0x0000000705100000|  0%| F|  |TAMS 0x0000000705000000, 0x0000000705000000| Untracked 
|  65|0x0000000705100000, 0x0000000705100000, 0x0000000705200000|  0%| F|  |TAMS 0x0000000705100000, 0x0000000705100000| Untracked 
|  66|0x0000000705200000, 0x0000000705200000, 0x0000000705300000|  0%| F|  |TAMS 0x0000000705200000, 0x0000000705200000| Untracked 
|  67|0x0000000705300000, 0x0000000705300000, 0x0000000705400000|  0%| F|  |TAMS 0x0000000705300000, 0x0000000705300000| Untracked 
|  68|0x0000000705400000, 0x0000000705400000, 0x0000000705500000|  0%| F|  |TAMS 0x0000000705400000, 0x0000000705400000| Untracked 
|  69|0x0000000705500000, 0x0000000705500000, 0x0000000705600000|  0%| F|  |TAMS 0x0000000705500000, 0x0000000705500000| Untracked 
|  70|0x0000000705600000, 0x0000000705600000, 0x0000000705700000|  0%| F|  |TAMS 0x0000000705600000, 0x0000000705600000| Untracked 
|  71|0x0000000705700000, 0x0000000705700000, 0x0000000705800000|  0%| F|  |TAMS 0x0000000705700000, 0x0000000705700000| Untracked 
|  72|0x0000000705800000, 0x0000000705800000, 0x0000000705900000|  0%| F|  |TAMS 0x0000000705800000, 0x0000000705800000| Untracked 
|  73|0x0000000705900000, 0x0000000705900000, 0x0000000705a00000|  0%| F|  |TAMS 0x0000000705900000, 0x0000000705900000| Untracked 
|  74|0x0000000705a00000, 0x0000000705a00000, 0x0000000705b00000|  0%| F|  |TAMS 0x0000000705a00000, 0x0000000705a00000| Untracked 
|  75|0x0000000705b00000, 0x0000000705b00000, 0x0000000705c00000|  0%| F|  |TAMS 0x0000000705b00000, 0x0000000705b00000| Untracked 
|  76|0x0000000705c00000, 0x0000000705c00000, 0x0000000705d00000|  0%| F|  |TAMS 0x0000000705c00000, 0x0000000705c00000| Untracked 
|  77|0x0000000705d00000, 0x0000000705d00000, 0x0000000705e00000|  0%| F|  |TAMS 0x0000000705d00000, 0x0000000705d00000| Untracked 
|  78|0x0000000705e00000, 0x0000000705e00000, 0x0000000705f00000|  0%| F|  |TAMS 0x0000000705e00000, 0x0000000705e00000| Untracked 
|  79|0x0000000705f00000, 0x0000000705f00000, 0x0000000706000000|  0%| F|  |TAMS 0x0000000705f00000, 0x0000000705f00000| Untracked 
|  80|0x0000000706000000, 0x0000000706000000, 0x0000000706100000|  0%| F|  |TAMS 0x0000000706000000, 0x0000000706000000| Untracked 
|  81|0x0000000706100000, 0x0000000706100000, 0x0000000706200000|  0%| F|  |TAMS 0x0000000706100000, 0x0000000706100000| Untracked 
|  82|0x0000000706200000, 0x0000000706200000, 0x0000000706300000|  0%| F|  |TAMS 0x0000000706200000, 0x0000000706200000| Untracked 
|  83|0x0000000706300000, 0x0000000706300000, 0x0000000706400000|  0%| F|  |TAMS 0x0000000706300000, 0x0000000706300000| Untracked 
|  84|0x0000000706400000, 0x0000000706400000, 0x0000000706500000|  0%| F|  |TAMS 0x0000000706400000, 0x0000000706400000| Untracked 
|  85|0x0000000706500000, 0x0000000706500000, 0x0000000706600000|  0%| F|  |TAMS 0x0000000706500000, 0x0000000706500000| Untracked 
|  86|0x0000000706600000, 0x0000000706600000, 0x0000000706700000|  0%| F|  |TAMS 0x0000000706600000, 0x0000000706600000| Untracked 
|  87|0x0000000706700000, 0x0000000706700000, 0x0000000706800000|  0%| F|  |TAMS 0x0000000706700000, 0x0000000706700000| Untracked 
|  88|0x0000000706800000, 0x0000000706800000, 0x0000000706900000|  0%| F|  |TAMS 0x0000000706800000, 0x0000000706800000| Untracked 
|  89|0x0000000706900000, 0x0000000706900000, 0x0000000706a00000|  0%| F|  |TAMS 0x0000000706900000, 0x0000000706900000| Untracked 
|  90|0x0000000706a00000, 0x0000000706a00000, 0x0000000706b00000|  0%| F|  |TAMS 0x0000000706a00000, 0x0000000706a00000| Untracked 
|  91|0x0000000706b00000, 0x0000000706b00000, 0x0000000706c00000|  0%| F|  |TAMS 0x0000000706b00000, 0x0000000706b00000| Untracked 
|  92|0x0000000706c00000, 0x0000000706c00000, 0x0000000706d00000|  0%| F|  |TAMS 0x0000000706c00000, 0x0000000706c00000| Untracked 
|  93|0x0000000706d00000, 0x0000000706d00000, 0x0000000706e00000|  0%| F|  |TAMS 0x0000000706d00000, 0x0000000706d00000| Untracked 
|  94|0x0000000706e00000, 0x0000000706e00000, 0x0000000706f00000|  0%| F|  |TAMS 0x0000000706e00000, 0x0000000706e00000| Untracked 
|  95|0x0000000706f00000, 0x0000000706f00000, 0x0000000707000000|  0%| F|  |TAMS 0x0000000706f00000, 0x0000000706f00000| Untracked 
|  96|0x0000000707000000, 0x0000000707000000, 0x0000000707100000|  0%| F|  |TAMS 0x0000000707000000, 0x0000000707000000| Untracked 
|  97|0x0000000707100000, 0x0000000707100000, 0x0000000707200000|  0%| F|  |TAMS 0x0000000707100000, 0x0000000707100000| Untracked 
|  98|0x0000000707200000, 0x0000000707200000, 0x0000000707300000|  0%| F|  |TAMS 0x0000000707200000, 0x0000000707200000| Untracked 
|  99|0x0000000707300000, 0x0000000707300000, 0x0000000707400000|  0%| F|  |TAMS 0x0000000707300000, 0x0000000707300000| Untracked 
| 100|0x0000000707400000, 0x0000000707400000, 0x0000000707500000|  0%| F|  |TAMS 0x0000000707400000, 0x0000000707400000| Untracked 
| 101|0x0000000707500000, 0x0000000707500000, 0x0000000707600000|  0%| F|  |TAMS 0x0000000707500000, 0x0000000707500000| Untracked 
| 102|0x0000000707600000, 0x0000000707600000, 0x0000000707700000|  0%| F|  |TAMS 0x0000000707600000, 0x0000000707600000| Untracked 
| 103|0x0000000707700000, 0x0000000707700000, 0x0000000707800000|  0%| F|  |TAMS 0x0000000707700000, 0x0000000707700000| Untracked 
| 104|0x0000000707800000, 0x0000000707800000, 0x0000000707900000|  0%| F|  |TAMS 0x0000000707800000, 0x0000000707800000| Untracked 
| 105|0x0000000707900000, 0x0000000707900000, 0x0000000707a00000|  0%| F|  |TAMS 0x0000000707900000, 0x0000000707900000| Untracked 
| 106|0x0000000707a00000, 0x0000000707a00000, 0x0000000707b00000|  0%| F|  |TAMS 0x0000000707a00000, 0x0000000707a00000| Untracked 
| 107|0x0000000707b00000, 0x0000000707b00000, 0x0000000707c00000|  0%| F|  |TAMS 0x0000000707b00000, 0x0000000707b00000| Untracked 
| 108|0x0000000707c00000, 0x0000000707c00000, 0x0000000707d00000|  0%| F|  |TAMS 0x0000000707c00000, 0x0000000707c00000| Untracked 
| 109|0x0000000707d00000, 0x0000000707d00000, 0x0000000707e00000|  0%| F|  |TAMS 0x0000000707d00000, 0x0000000707d00000| Untracked 
| 110|0x0000000707e00000, 0x0000000707e00000, 0x0000000707f00000|  0%| F|  |TAMS 0x0000000707e00000, 0x0000000707e00000| Untracked 
| 111|0x0000000707f00000, 0x0000000707f00000, 0x0000000708000000|  0%| F|  |TAMS 0x0000000707f00000, 0x0000000707f00000| Untracked 
| 112|0x0000000708000000, 0x0000000708000000, 0x0000000708100000|  0%| F|  |TAMS 0x0000000708000000, 0x0000000708000000| Untracked 
| 113|0x0000000708100000, 0x0000000708100000, 0x0000000708200000|  0%| F|  |TAMS 0x0000000708100000, 0x0000000708100000| Untracked 
| 114|0x0000000708200000, 0x0000000708200000, 0x0000000708300000|  0%| F|  |TAMS 0x0000000708200000, 0x0000000708200000| Untracked 
| 115|0x0000000708300000, 0x0000000708300000, 0x0000000708400000|  0%| F|  |TAMS 0x0000000708300000, 0x0000000708300000| Untracked 
| 116|0x0000000708400000, 0x0000000708400000, 0x0000000708500000|  0%| F|  |TAMS 0x0000000708400000, 0x0000000708400000| Untracked 
| 117|0x0000000708500000, 0x0000000708500000, 0x0000000708600000|  0%| F|  |TAMS 0x0000000708500000, 0x0000000708500000| Untracked 
| 118|0x0000000708600000, 0x0000000708600000, 0x0000000708700000|  0%| F|  |TAMS 0x0000000708600000, 0x0000000708600000| Untracked 
| 119|0x0000000708700000, 0x0000000708700000, 0x0000000708800000|  0%| F|  |TAMS 0x0000000708700000, 0x0000000708700000| Untracked 
| 120|0x0000000708800000, 0x0000000708800000, 0x0000000708900000|  0%| F|  |TAMS 0x0000000708800000, 0x0000000708800000| Untracked 
| 121|0x0000000708900000, 0x0000000708900000, 0x0000000708a00000|  0%| F|  |TAMS 0x0000000708900000, 0x0000000708900000| Untracked 
| 122|0x0000000708a00000, 0x0000000708a00000, 0x0000000708b00000|  0%| F|  |TAMS 0x0000000708a00000, 0x0000000708a00000| Untracked 
| 123|0x0000000708b00000, 0x0000000708b00000, 0x0000000708c00000|  0%| F|  |TAMS 0x0000000708b00000, 0x0000000708b00000| Untracked 
| 124|0x0000000708c00000, 0x0000000708c00000, 0x0000000708d00000|  0%| F|  |TAMS 0x0000000708c00000, 0x0000000708c00000| Untracked 
| 125|0x0000000708d00000, 0x0000000708d00000, 0x0000000708e00000|  0%| F|  |TAMS 0x0000000708d00000, 0x0000000708d00000| Untracked 
| 126|0x0000000708e00000, 0x0000000708e00000, 0x0000000708f00000|  0%| F|  |TAMS 0x0000000708e00000, 0x0000000708e00000| Untracked 
| 127|0x0000000708f00000, 0x0000000708f00000, 0x0000000709000000|  0%| F|  |TAMS 0x0000000708f00000, 0x0000000708f00000| Untracked 
| 128|0x0000000709000000, 0x0000000709000000, 0x0000000709100000|  0%| F|  |TAMS 0x0000000709000000, 0x0000000709000000| Untracked 
| 129|0x0000000709100000, 0x0000000709100000, 0x0000000709200000|  0%| F|  |TAMS 0x0000000709100000, 0x0000000709100000| Untracked 
| 130|0x0000000709200000, 0x0000000709200000, 0x0000000709300000|  0%| F|  |TAMS 0x0000000709200000, 0x0000000709200000| Untracked 
| 131|0x0000000709300000, 0x0000000709300000, 0x0000000709400000|  0%| F|  |TAMS 0x0000000709300000, 0x0000000709300000| Untracked 
| 132|0x0000000709400000, 0x0000000709400000, 0x0000000709500000|  0%| F|  |TAMS 0x0000000709400000, 0x0000000709400000| Untracked 
| 133|0x0000000709500000, 0x0000000709500000, 0x0000000709600000|  0%| F|  |TAMS 0x0000000709500000, 0x0000000709500000| Untracked 
| 134|0x0000000709600000, 0x0000000709600000, 0x0000000709700000|  0%| F|  |TAMS 0x0000000709600000, 0x0000000709600000| Untracked 
| 135|0x0000000709700000, 0x0000000709700000, 0x0000000709800000|  0%| F|  |TAMS 0x0000000709700000, 0x0000000709700000| Untracked 
| 136|0x0000000709800000, 0x0000000709800000, 0x0000000709900000|  0%| F|  |TAMS 0x0000000709800000, 0x0000000709800000| Untracked 
| 137|0x0000000709900000, 0x0000000709900000, 0x0000000709a00000|  0%| F|  |TAMS 0x0000000709900000, 0x0000000709900000| Untracked 
| 138|0x0000000709a00000, 0x0000000709a00000, 0x0000000709b00000|  0%| F|  |TAMS 0x0000000709a00000, 0x0000000709a00000| Untracked 
| 139|0x0000000709b00000, 0x0000000709b00000, 0x0000000709c00000|  0%| F|  |TAMS 0x0000000709b00000, 0x0000000709b00000| Untracked 
| 140|0x0000000709c00000, 0x0000000709c00000, 0x0000000709d00000|  0%| F|  |TAMS 0x0000000709c00000, 0x0000000709c00000| Untracked 
| 141|0x0000000709d00000, 0x0000000709d00000, 0x0000000709e00000|  0%| F|  |TAMS 0x0000000709d00000, 0x0000000709d00000| Untracked 
| 142|0x0000000709e00000, 0x0000000709e00000, 0x0000000709f00000|  0%| F|  |TAMS 0x0000000709e00000, 0x0000000709e00000| Untracked 
| 143|0x0000000709f00000, 0x0000000709f00000, 0x000000070a000000|  0%| F|  |TAMS 0x0000000709f00000, 0x0000000709f00000| Untracked 
| 144|0x000000070a000000, 0x000000070a000000, 0x000000070a100000|  0%| F|  |TAMS 0x000000070a000000, 0x000000070a000000| Untracked 
| 145|0x000000070a100000, 0x000000070a100000, 0x000000070a200000|  0%| F|  |TAMS 0x000000070a100000, 0x000000070a100000| Untracked 
| 146|0x000000070a200000, 0x000000070a200000, 0x000000070a300000|  0%| F|  |TAMS 0x000000070a200000, 0x000000070a200000| Untracked 
| 147|0x000000070a300000, 0x000000070a300000, 0x000000070a400000|  0%| F|  |TAMS 0x000000070a300000, 0x000000070a300000| Untracked 
| 148|0x000000070a400000, 0x000000070a400000, 0x000000070a500000|  0%| F|  |TAMS 0x000000070a400000, 0x000000070a400000| Untracked 
| 149|0x000000070a500000, 0x000000070a500000, 0x000000070a600000|  0%| F|  |TAMS 0x000000070a500000, 0x000000070a500000| Untracked 
| 150|0x000000070a600000, 0x000000070a600000, 0x000000070a700000|  0%| F|  |TAMS 0x000000070a600000, 0x000000070a600000| Untracked 
| 151|0x000000070a700000, 0x000000070a700000, 0x000000070a800000|  0%| F|  |TAMS 0x000000070a700000, 0x000000070a700000| Untracked 
| 152|0x000000070a800000, 0x000000070a800000, 0x000000070a900000|  0%| F|  |TAMS 0x000000070a800000, 0x000000070a800000| Untracked 
| 153|0x000000070a900000, 0x000000070a900000, 0x000000070aa00000|  0%| F|  |TAMS 0x000000070a900000, 0x000000070a900000| Untracked 
| 154|0x000000070aa00000, 0x000000070aa00000, 0x000000070ab00000|  0%| F|  |TAMS 0x000000070aa00000, 0x000000070aa00000| Untracked 
| 155|0x000000070ab00000, 0x000000070ab00000, 0x000000070ac00000|  0%| F|  |TAMS 0x000000070ab00000, 0x000000070ab00000| Untracked 
| 156|0x000000070ac00000, 0x000000070ac00000, 0x000000070ad00000|  0%| F|  |TAMS 0x000000070ac00000, 0x000000070ac00000| Untracked 
| 157|0x000000070ad00000, 0x000000070ad00000, 0x000000070ae00000|  0%| F|  |TAMS 0x000000070ad00000, 0x000000070ad00000| Untracked 
| 158|0x000000070ae00000, 0x000000070ae00000, 0x000000070af00000|  0%| F|  |TAMS 0x000000070ae00000, 0x000000070ae00000| Untracked 
| 159|0x000000070af00000, 0x000000070af00000, 0x000000070b000000|  0%| F|  |TAMS 0x000000070af00000, 0x000000070af00000| Untracked 
| 160|0x000000070b000000, 0x000000070b000000, 0x000000070b100000|  0%| F|  |TAMS 0x000000070b000000, 0x000000070b000000| Untracked 
| 161|0x000000070b100000, 0x000000070b100000, 0x000000070b200000|  0%| F|  |TAMS 0x000000070b100000, 0x000000070b100000| Untracked 
| 162|0x000000070b200000, 0x000000070b200000, 0x000000070b300000|  0%| F|  |TAMS 0x000000070b200000, 0x000000070b200000| Untracked 
| 163|0x000000070b300000, 0x000000070b300000, 0x000000070b400000|  0%| F|  |TAMS 0x000000070b300000, 0x000000070b300000| Untracked 
| 164|0x000000070b400000, 0x000000070b400000, 0x000000070b500000|  0%| F|  |TAMS 0x000000070b400000, 0x000000070b400000| Untracked 
| 165|0x000000070b500000, 0x000000070b500000, 0x000000070b600000|  0%| F|  |TAMS 0x000000070b500000, 0x000000070b500000| Untracked 
| 166|0x000000070b600000, 0x000000070b600000, 0x000000070b700000|  0%| F|  |TAMS 0x000000070b600000, 0x000000070b600000| Untracked 
| 167|0x000000070b700000, 0x000000070b700000, 0x000000070b800000|  0%| F|  |TAMS 0x000000070b700000, 0x000000070b700000| Untracked 
| 168|0x000000070b800000, 0x000000070b800000, 0x000000070b900000|  0%| F|  |TAMS 0x000000070b800000, 0x000000070b800000| Untracked 
| 169|0x000000070b900000, 0x000000070b900000, 0x000000070ba00000|  0%| F|  |TAMS 0x000000070b900000, 0x000000070b900000| Untracked 
| 170|0x000000070ba00000, 0x000000070ba00000, 0x000000070bb00000|  0%| F|  |TAMS 0x000000070ba00000, 0x000000070ba00000| Untracked 
| 171|0x000000070bb00000, 0x000000070bb00000, 0x000000070bc00000|  0%| F|  |TAMS 0x000000070bb00000, 0x000000070bb00000| Untracked 
| 172|0x000000070bc00000, 0x000000070bc00000, 0x000000070bd00000|  0%| F|  |TAMS 0x000000070bc00000, 0x000000070bc00000| Untracked 
| 173|0x000000070bd00000, 0x000000070bd00000, 0x000000070be00000|  0%| F|  |TAMS 0x000000070bd00000, 0x000000070bd00000| Untracked 
| 174|0x000000070be00000, 0x000000070be00000, 0x000000070bf00000|  0%| F|  |TAMS 0x000000070be00000, 0x000000070be00000| Untracked 
| 175|0x000000070bf00000, 0x000000070bf00000, 0x000000070c000000|  0%| F|  |TAMS 0x000000070bf00000, 0x000000070bf00000| Untracked 
| 176|0x000000070c000000, 0x000000070c000000, 0x000000070c100000|  0%| F|  |TAMS 0x000000070c000000, 0x000000070c000000| Untracked 
| 177|0x000000070c100000, 0x000000070c100000, 0x000000070c200000|  0%| F|  |TAMS 0x000000070c100000, 0x000000070c100000| Untracked 
| 178|0x000000070c200000, 0x000000070c200000, 0x000000070c300000|  0%| F|  |TAMS 0x000000070c200000, 0x000000070c200000| Untracked 
| 179|0x000000070c300000, 0x000000070c300000, 0x000000070c400000|  0%| F|  |TAMS 0x000000070c300000, 0x000000070c300000| Untracked 
| 180|0x000000070c400000, 0x000000070c400000, 0x000000070c500000|  0%| F|  |TAMS 0x000000070c400000, 0x000000070c400000| Untracked 
| 181|0x000000070c500000, 0x000000070c500000, 0x000000070c600000|  0%| F|  |TAMS 0x000000070c500000, 0x000000070c500000| Untracked 
| 182|0x000000070c600000, 0x000000070c600000, 0x000000070c700000|  0%| F|  |TAMS 0x000000070c600000, 0x000000070c600000| Untracked 
| 183|0x000000070c700000, 0x000000070c700000, 0x000000070c800000|  0%| F|  |TAMS 0x000000070c700000, 0x000000070c700000| Untracked 
| 184|0x000000070c800000, 0x000000070c800000, 0x000000070c900000|  0%| F|  |TAMS 0x000000070c800000, 0x000000070c800000| Untracked 
| 185|0x000000070c900000, 0x000000070c900000, 0x000000070ca00000|  0%| F|  |TAMS 0x000000070c900000, 0x000000070c900000| Untracked 
| 186|0x000000070ca00000, 0x000000070ca00000, 0x000000070cb00000|  0%| F|  |TAMS 0x000000070ca00000, 0x000000070ca00000| Untracked 
| 187|0x000000070cb00000, 0x000000070cb00000, 0x000000070cc00000|  0%| F|  |TAMS 0x000000070cb00000, 0x000000070cb00000| Untracked 
| 188|0x000000070cc00000, 0x000000070cc00000, 0x000000070cd00000|  0%| F|  |TAMS 0x000000070cc00000, 0x000000070cc00000| Untracked 
| 189|0x000000070cd00000, 0x000000070cd00000, 0x000000070ce00000|  0%| F|  |TAMS 0x000000070cd00000, 0x000000070cd00000| Untracked 
| 190|0x000000070ce00000, 0x000000070ce00000, 0x000000070cf00000|  0%| F|  |TAMS 0x000000070ce00000, 0x000000070ce00000| Untracked 
| 191|0x000000070cf00000, 0x000000070cf00000, 0x000000070d000000|  0%| F|  |TAMS 0x000000070cf00000, 0x000000070cf00000| Untracked 
| 192|0x000000070d000000, 0x000000070d000000, 0x000000070d100000|  0%| F|  |TAMS 0x000000070d000000, 0x000000070d000000| Untracked 
| 193|0x000000070d100000, 0x000000070d100000, 0x000000070d200000|  0%| F|  |TAMS 0x000000070d100000, 0x000000070d100000| Untracked 
| 194|0x000000070d200000, 0x000000070d200000, 0x000000070d300000|  0%| F|  |TAMS 0x000000070d200000, 0x000000070d200000| Untracked 
| 195|0x000000070d300000, 0x000000070d300000, 0x000000070d400000|  0%| F|  |TAMS 0x000000070d300000, 0x000000070d300000| Untracked 
| 196|0x000000070d400000, 0x000000070d400000, 0x000000070d500000|  0%| F|  |TAMS 0x000000070d400000, 0x000000070d400000| Untracked 
| 197|0x000000070d500000, 0x000000070d500000, 0x000000070d600000|  0%| F|  |TAMS 0x000000070d500000, 0x000000070d500000| Untracked 
| 198|0x000000070d600000, 0x000000070d600000, 0x000000070d700000|  0%| F|  |TAMS 0x000000070d600000, 0x000000070d600000| Untracked 
| 199|0x000000070d700000, 0x000000070d700000, 0x000000070d800000|  0%| F|  |TAMS 0x000000070d700000, 0x000000070d700000| Untracked 
| 200|0x000000070d800000, 0x000000070d800000, 0x000000070d900000|  0%| F|  |TAMS 0x000000070d800000, 0x000000070d800000| Untracked 
| 201|0x000000070d900000, 0x000000070d900000, 0x000000070da00000|  0%| F|  |TAMS 0x000000070d900000, 0x000000070d900000| Untracked 
| 202|0x000000070da00000, 0x000000070da00000, 0x000000070db00000|  0%| F|  |TAMS 0x000000070da00000, 0x000000070da00000| Untracked 
| 203|0x000000070db00000, 0x000000070db00000, 0x000000070dc00000|  0%| F|  |TAMS 0x000000070db00000, 0x000000070db00000| Untracked 
| 204|0x000000070dc00000, 0x000000070dc00000, 0x000000070dd00000|  0%| F|  |TAMS 0x000000070dc00000, 0x000000070dc00000| Untracked 
| 205|0x000000070dd00000, 0x000000070dd00000, 0x000000070de00000|  0%| F|  |TAMS 0x000000070dd00000, 0x000000070dd00000| Untracked 
| 206|0x000000070de00000, 0x000000070de00000, 0x000000070df00000|  0%| F|  |TAMS 0x000000070de00000, 0x000000070de00000| Untracked 
| 207|0x000000070df00000, 0x000000070df00000, 0x000000070e000000|  0%| F|  |TAMS 0x000000070df00000, 0x000000070df00000| Untracked 
| 208|0x000000070e000000, 0x000000070e000000, 0x000000070e100000|  0%| F|  |TAMS 0x000000070e000000, 0x000000070e000000| Untracked 
| 209|0x000000070e100000, 0x000000070e100000, 0x000000070e200000|  0%| F|  |TAMS 0x000000070e100000, 0x000000070e100000| Untracked 
| 210|0x000000070e200000, 0x000000070e200000, 0x000000070e300000|  0%| F|  |TAMS 0x000000070e200000, 0x000000070e200000| Untracked 
| 211|0x000000070e300000, 0x000000070e300000, 0x000000070e400000|  0%| F|  |TAMS 0x000000070e300000, 0x000000070e300000| Untracked 
| 212|0x000000070e400000, 0x000000070e400000, 0x000000070e500000|  0%| F|  |TAMS 0x000000070e400000, 0x000000070e400000| Untracked 
| 213|0x000000070e500000, 0x000000070e500000, 0x000000070e600000|  0%| F|  |TAMS 0x000000070e500000, 0x000000070e500000| Untracked 
| 214|0x000000070e600000, 0x000000070e600000, 0x000000070e700000|  0%| F|  |TAMS 0x000000070e600000, 0x000000070e600000| Untracked 
| 215|0x000000070e700000, 0x000000070e700000, 0x000000070e800000|  0%| F|  |TAMS 0x000000070e700000, 0x000000070e700000| Untracked 
| 216|0x000000070e800000, 0x000000070e800000, 0x000000070e900000|  0%| F|  |TAMS 0x000000070e800000, 0x000000070e800000| Untracked 
| 217|0x000000070e900000, 0x000000070e900000, 0x000000070ea00000|  0%| F|  |TAMS 0x000000070e900000, 0x000000070e900000| Untracked 
| 218|0x000000070ea00000, 0x000000070ea00000, 0x000000070eb00000|  0%| F|  |TAMS 0x000000070ea00000, 0x000000070ea00000| Untracked 
| 219|0x000000070eb00000, 0x000000070eb00000, 0x000000070ec00000|  0%| F|  |TAMS 0x000000070eb00000, 0x000000070eb00000| Untracked 
| 220|0x000000070ec00000, 0x000000070ec00000, 0x000000070ed00000|  0%| F|  |TAMS 0x000000070ec00000, 0x000000070ec00000| Untracked 
| 221|0x000000070ed00000, 0x000000070ed00000, 0x000000070ee00000|  0%| F|  |TAMS 0x000000070ed00000, 0x000000070ed00000| Untracked 
| 222|0x000000070ee00000, 0x000000070ee00000, 0x000000070ef00000|  0%| F|  |TAMS 0x000000070ee00000, 0x000000070ee00000| Untracked 
| 223|0x000000070ef00000, 0x000000070ef00000, 0x000000070f000000|  0%| F|  |TAMS 0x000000070ef00000, 0x000000070ef00000| Untracked 
| 224|0x000000070f000000, 0x000000070f000000, 0x000000070f100000|  0%| F|  |TAMS 0x000000070f000000, 0x000000070f000000| Untracked 
| 225|0x000000070f100000, 0x000000070f100000, 0x000000070f200000|  0%| F|  |TAMS 0x000000070f100000, 0x000000070f100000| Untracked 
| 226|0x000000070f200000, 0x000000070f200000, 0x000000070f300000|  0%| F|  |TAMS 0x000000070f200000, 0x000000070f200000| Untracked 
| 227|0x000000070f300000, 0x000000070f300000, 0x000000070f400000|  0%| F|  |TAMS 0x000000070f300000, 0x000000070f300000| Untracked 
| 228|0x000000070f400000, 0x000000070f400000, 0x000000070f500000|  0%| F|  |TAMS 0x000000070f400000, 0x000000070f400000| Untracked 
| 229|0x000000070f500000, 0x000000070f500000, 0x000000070f600000|  0%| F|  |TAMS 0x000000070f500000, 0x000000070f500000| Untracked 
| 230|0x000000070f600000, 0x000000070f600000, 0x000000070f700000|  0%| F|  |TAMS 0x000000070f600000, 0x000000070f600000| Untracked 
| 231|0x000000070f700000, 0x000000070f700000, 0x000000070f800000|  0%| F|  |TAMS 0x000000070f700000, 0x000000070f700000| Untracked 
| 232|0x000000070f800000, 0x000000070f800000, 0x000000070f900000|  0%| F|  |TAMS 0x000000070f800000, 0x000000070f800000| Untracked 
| 233|0x000000070f900000, 0x000000070f900000, 0x000000070fa00000|  0%| F|  |TAMS 0x000000070f900000, 0x000000070f900000| Untracked 
| 234|0x000000070fa00000, 0x000000070fa00000, 0x000000070fb00000|  0%| F|  |TAMS 0x000000070fa00000, 0x000000070fa00000| Untracked 
| 235|0x000000070fb00000, 0x000000070fb00000, 0x000000070fc00000|  0%| F|  |TAMS 0x000000070fb00000, 0x000000070fb00000| Untracked 
| 236|0x000000070fc00000, 0x000000070fc80b28, 0x000000070fd00000| 50%| E|  |TAMS 0x000000070fc00000, 0x000000070fc00000| Complete 
| 237|0x000000070fd00000, 0x000000070fe00000, 0x000000070fe00000|100%| E|CS|TAMS 0x000000070fd00000, 0x000000070fd00000| Complete 
| 238|0x000000070fe00000, 0x000000070ff00000, 0x000000070ff00000|100%| E|  |TAMS 0x000000070fe00000, 0x000000070fe00000| Complete 
| 239|0x000000070ff00000, 0x0000000710000000, 0x0000000710000000|100%| E|CS|TAMS 0x000000070ff00000, 0x000000070ff00000| Complete 
| 240|0x0000000710000000, 0x0000000710100000, 0x0000000710100000|100%| E|CS|TAMS 0x0000000710000000, 0x0000000710000000| Complete 
| 241|0x0000000710100000, 0x0000000710200000, 0x0000000710200000|100%| E|CS|TAMS 0x0000000710100000, 0x0000000710100000| Complete 
| 242|0x0000000710200000, 0x0000000710300000, 0x0000000710300000|100%| E|CS|TAMS 0x0000000710200000, 0x0000000710200000| Complete 
| 243|0x0000000710300000, 0x0000000710400000, 0x0000000710400000|100%| E|CS|TAMS 0x0000000710300000, 0x0000000710300000| Complete 
| 244|0x0000000710400000, 0x0000000710500000, 0x0000000710500000|100%| E|CS|TAMS 0x0000000710400000, 0x0000000710400000| Complete 
| 245|0x0000000710500000, 0x0000000710600000, 0x0000000710600000|100%| E|CS|TAMS 0x0000000710500000, 0x0000000710500000| Complete 
| 246|0x0000000710600000, 0x0000000710700000, 0x0000000710700000|100%| E|CS|TAMS 0x0000000710600000, 0x0000000710600000| Complete 
| 247|0x0000000710700000, 0x0000000710800000, 0x0000000710800000|100%| E|CS|TAMS 0x0000000710700000, 0x0000000710700000| Complete 
| 248|0x0000000710800000, 0x0000000710900000, 0x0000000710900000|100%| E|CS|TAMS 0x0000000710800000, 0x0000000710800000| Complete 
| 249|0x0000000710900000, 0x0000000710a00000, 0x0000000710a00000|100%| E|CS|TAMS 0x0000000710900000, 0x0000000710900000| Complete 
| 250|0x0000000710a00000, 0x0000000710b00000, 0x0000000710b00000|100%| E|CS|TAMS 0x0000000710a00000, 0x0000000710a00000| Complete 
| 251|0x0000000710b00000, 0x0000000710c00000, 0x0000000710c00000|100%| E|CS|TAMS 0x0000000710b00000, 0x0000000710b00000| Complete 
| 252|0x0000000710c00000, 0x0000000710d00000, 0x0000000710d00000|100%| E|CS|TAMS 0x0000000710c00000, 0x0000000710c00000| Complete 
| 253|0x0000000710d00000, 0x0000000710e00000, 0x0000000710e00000|100%| E|CS|TAMS 0x0000000710d00000, 0x0000000710d00000| Complete 
| 254|0x0000000710e00000, 0x0000000710f00000, 0x0000000710f00000|100%| E|CS|TAMS 0x0000000710e00000, 0x0000000710e00000| Complete 
| 255|0x0000000710f00000, 0x0000000711000000, 0x0000000711000000|100%| E|CS|TAMS 0x0000000710f00000, 0x0000000710f00000| Complete 

Card table byte_map: [0x000001e6fc930000,0x000001e6fd130000] _byte_map_base: 0x000001e6f9128000

Marking Bits (Prev, Next): (CMBitMap*) 0x000001e6e461f688, (CMBitMap*) 0x000001e6e461f6c8
 Prev Bits: [0x000001e680000000, 0x000001e683fc0000)
 Next Bits: [0x000001e683fc0000, 0x000001e687f80000)

Polling page: 0x000001e6e2520000

Metaspace:

Usage:
  Non-class:      8.11 MB capacity,     5.51 MB ( 68%) used,     2.59 MB ( 32%) free+waste,    10.56 KB ( <1%) overhead. 
      Class:    620.00 KB capacity,   306.39 KB ( 49%) used,   308.86 KB ( 50%) free+waste,     4.75 KB ( <1%) overhead. 
       Both:      8.72 MB capacity,     5.81 MB ( 67%) used,     2.89 MB ( 33%) free+waste,    15.31 KB ( <1%) overhead. 

Virtual space:
  Non-class space:       10.00 MB reserved,       8.25 MB ( 83%) committed 
      Class space:        1.00 GB reserved,     640.00 KB ( <1%) committed 
             Both:        1.01 GB reserved,       8.88 MB ( <1%) committed 

Chunk freelists:
   Non-Class:  79.00 KB
       Class:  20.00 KB
        Both:  99.00 KB

MaxMetaspaceSize: 17179869184.00 GB
CompressedClassSpaceSize: 1.00 GB

CodeHeap 'non-profiled nmethods': size=120000Kb used=268Kb max_used=268Kb free=119732Kb
 bounds [0x000001e6f4580000, 0x000001e6f47f0000, 0x000001e6fbab0000]
CodeHeap 'profiled nmethods': size=120000Kb used=1494Kb max_used=1494Kb free=118505Kb
 bounds [0x000001e6ed050000, 0x000001e6ed2c0000, 0x000001e6f4580000]
CodeHeap 'non-nmethods': size=5760Kb used=1611Kb max_used=1623Kb free=4148Kb
 bounds [0x000001e6ecab0000, 0x000001e6ecd20000, 0x000001e6ed050000]
 total_blobs=2285 nmethods=830 adapters=908
 compilation: enabled
              stopped_count=0, restarted_count=0
 full_count=0

Compilation events (20 events):
Event: 1.196 Thread 0x000001e688f90000  821       3       sun.nio.ch.FileChannelImpl::ensureOpen (16 bytes)
Event: 1.196 Thread 0x000001e688f90000 nmethod 821 0x000001e6ed1c0790 code [0x000001e6ed1c0960, 0x000001e6ed1c0c50]
Event: 1.196 Thread 0x000001e688f90000  822   !   3       sun.nio.ch.NativeThreadSet::add (155 bytes)
Event: 1.197 Thread 0x000001e688f90000 nmethod 822 0x000001e6ed1c0d90 code [0x000001e6ed1c0f80, 0x000001e6ed1c1710]
Event: 1.197 Thread 0x000001e688f90000  823   !   3       sun.nio.ch.NativeThreadSet::remove (50 bytes)
Event: 1.197 Thread 0x000001e688f90000 nmethod 823 0x000001e6ed1c1990 code [0x000001e6ed1c1b40, 0x000001e6ed1c1f70]
Event: 1.197 Thread 0x000001e688f90000  824       3       sun.nio.ch.FileChannelImpl::beginBlocking (12 bytes)
Event: 1.197 Thread 0x000001e688f90000 nmethod 824 0x000001e6ed1c2110 code [0x000001e6ed1c22c0, 0x000001e6ed1c24b0]
Event: 1.198 Thread 0x000001e688f90000  825       3       sun.nio.ch.FileChannelImpl::endBlocking (13 bytes)
Event: 1.198 Thread 0x000001e688f90000 nmethod 825 0x000001e6ed1c2590 code [0x000001e6ed1c2740, 0x000001e6ed1c2930]
Event: 1.198 Thread 0x000001e688f90000  826       3       sun.nio.ch.Util::getTemporaryDirectBuffer (55 bytes)
Event: 1.198 Thread 0x000001e688f8b800  827       4       sun.nio.fs.WindowsPathParser::isSlash (18 bytes)
Event: 1.198 Thread 0x000001e688f90000 nmethod 826 0x000001e6ed1c2a10 code [0x000001e6ed1c2c80, 0x000001e6ed1c3750]
Event: 1.199 Thread 0x000001e688f8b800 nmethod 827 0x000001e6f45c2d10 code [0x000001e6f45c2e80, 0x000001e6f45c2ed8]
Event: 1.203 Thread 0x000001e688f90000  828       3       jdk.internal.jimage.ImageStringsReader::get (9 bytes)
Event: 1.203 Thread 0x000001e688f90000 nmethod 828 0x000001e6ed1c3a90 code [0x000001e6ed1c3c40, 0x000001e6ed1c3e90]
Event: 1.203 Thread 0x000001e688f90000  829       3       jdk.internal.jimage.BasicImageReader::getString (49 bytes)
Event: 1.204 Thread 0x000001e688f90000 nmethod 829 0x000001e6ed1c3f90 code [0x000001e6ed1c41e0, 0x000001e6ed1c4d20]
Event: 1.204 Thread 0x000001e688f90000  830       3       jdk.internal.jimage.ImageStringsReader::stringFromByteBuffer (28 bytes)
Event: 1.204 Thread 0x000001e688f90000 nmethod 830 0x000001e6ed1c5090 code [0x000001e6ed1c5280, 0x000001e6ed1c56e0]

GC Heap History (0 events):
No events

Deoptimization events (20 events):
Event: 0.187 Thread 0x000001e6e45b3000 Uncommon trap: trap_request=0xffffff45 fr.pc=0x000001e6f4589d90 relative=0x0000000000000070
Event: 0.187 Thread 0x000001e6e45b3000 Uncommon trap: reason=unstable_if action=reinterpret pc=0x000001e6f4589d90 method=java.io.WinNTFileSystem.isSlash(C)Z @ 9 c2
Event: 0.187 Thread 0x000001e6e45b3000 DEOPT PACKING pc=0x000001e6f4589d90 sp=0x000000d6aa6fdef0
Event: 0.187 Thread 0x000001e6e45b3000 DEOPT UNPACKING pc=0x000001e6ecaf912f sp=0x000000d6aa6fde78 mode 2
Event: 0.208 Thread 0x000001e6e45b3000 DEOPT PACKING pc=0x000001e6ed0928b2 sp=0x000000d6aa6fa400
Event: 0.208 Thread 0x000001e6e45b3000 DEOPT UNPACKING pc=0x000001e6ecaf964e sp=0x000000d6aa6f9868 mode 0
Event: 0.323 Thread 0x000001e6e45b3000 Uncommon trap: trap_request=0xffffff45 fr.pc=0x000001e6f4588164 relative=0x0000000000000044
Event: 0.323 Thread 0x000001e6e45b3000 Uncommon trap: reason=unstable_if action=reinterpret pc=0x000001e6f4588164 method=java.lang.CharacterData.of(I)Ljava/lang/CharacterData; @ 4 c2
Event: 0.323 Thread 0x000001e6e45b3000 DEOPT PACKING pc=0x000001e6f4588164 sp=0x000000d6aa6faea0
Event: 0.323 Thread 0x000001e6e45b3000 DEOPT UNPACKING pc=0x000001e6ecaf912f sp=0x000000d6aa6fae40 mode 2
Event: 0.858 Thread 0x000001e6e45b3000 Uncommon trap: trap_request=0xffffff54 fr.pc=0x000001e6f45b4a90 relative=0x0000000000000070
Event: 0.858 Thread 0x000001e6e45b3000 Uncommon trap: reason=speculate_null_assert action=make_not_entrant pc=0x000001e6f45b4a90 method=sun.misc.Unsafe.putLong(Ljava/lang/Object;JJ)V @ 7 c2
Event: 0.858 Thread 0x000001e6e45b3000 DEOPT PACKING pc=0x000001e6f45b4a90 sp=0x000000d6aa6fec00
Event: 0.858 Thread 0x000001e6e45b3000 DEOPT UNPACKING pc=0x000001e6ecaf912f sp=0x000000d6aa6feb78 mode 2
Event: 0.969 Thread 0x000001e6e45b3000 DEOPT PACKING pc=0x000001e6ed08b75f sp=0x000000d6aa6fd530
Event: 0.969 Thread 0x000001e6e45b3000 DEOPT UNPACKING pc=0x000001e6ecaf964e sp=0x000000d6aa6fc980 mode 0
Event: 1.085 Thread 0x000001e6e45b3000 Uncommon trap: trap_request=0xffffff45 fr.pc=0x000001e6f45b6f00 relative=0x0000000000001060
Event: 1.085 Thread 0x000001e6e45b3000 Uncommon trap: reason=unstable_if action=reinterpret pc=0x000001e6f45b6f00 method=java.util.LinkedHashMap.linkNodeLast(Ljava/util/LinkedHashMap$Entry;)V @ 11 c2
Event: 1.085 Thread 0x000001e6e45b3000 DEOPT PACKING pc=0x000001e6f45b6f00 sp=0x000000d6aa6f9a40
Event: 1.085 Thread 0x000001e6e45b3000 DEOPT UNPACKING pc=0x000001e6ecaf912f sp=0x000000d6aa6f98f0 mode 2

Classes unloaded (0 events):
No events

Classes redefined (0 events):
No events

Internal exceptions (19 events):
Event: 0.255 Thread 0x000001e6e45b3000 Exception <a 'java/lang/NoSuchMethodError'{0x0000000710ce4ac0}: 'void java.lang.invoke.DelegatingMethodHandle$Holder.delegate(java.lang.Object, java.lang.Object, int, java.lang.Object)'> (0x0000000710ce4ac0) 
thrown [t:/workspace/open/src/hotspot/share/interpreter/linkResolver.cpp, line 767]
Event: 0.257 Thread 0x000001e6e45b3000 Exception <a 'java/lang/NoSuchMethodError'{0x0000000710ceb818}: 'java.lang.Object java.lang.invoke.DirectMethodHandle$Holder.invokeStaticInit(java.lang.Object, java.lang.Object, java.lang.Object)'> (0x0000000710ceb818) 
thrown [t:/workspace/open/src/hotspot/share/interpreter/linkResolver.cpp, line 767]
Event: 0.298 Thread 0x000001e6e45b3000 Exception <a 'sun/nio/fs/WindowsException'{0x0000000710b58ad8}> (0x0000000710b58ad8) 
thrown [t:/workspace/open/src/hotspot/share/prims/jni.cpp, line 598]
Event: 0.298 Thread 0x000001e6e45b3000 Exception <a 'sun/nio/fs/WindowsException'{0x0000000710b59030}> (0x0000000710b59030) 
thrown [t:/workspace/open/src/hotspot/share/prims/jni.cpp, line 598]
Event: 0.365 Thread 0x000001e6e45b3000 Exception <a 'sun/nio/fs/WindowsException'{0x00000007109149c0}> (0x00000007109149c0) 
thrown [t:/workspace/open/src/hotspot/share/prims/jni.cpp, line 598]
Event: 0.365 Thread 0x000001e6e45b3000 Exception <a 'sun/nio/fs/WindowsException'{0x0000000710914d30}> (0x0000000710914d30) 
thrown [t:/workspace/open/src/hotspot/share/prims/jni.cpp, line 598]
Event: 0.733 Thread 0x000001e6e45b3000 Exception <a 'java/lang/NoSuchMethodError'{0x0000000710999dc0}: 'void java.lang.invoke.DirectMethodHandle$Holder.invokeStaticInit(java.lang.Object, long, double, double)'> (0x0000000710999dc0) 
thrown [t:/workspace/open/src/hotspot/share/interpreter/linkResolver.cpp, line 767]
Event: 0.737 Thread 0x000001e6e45b3000 Exception <a 'java/lang/NoSuchMethodError'{0x00000007109ade50}: 'void java.lang.invoke.DirectMethodHandle$Holder.invokeStaticInit(java.lang.Object, long, int, int, int)'> (0x00000007109ade50) 
thrown [t:/workspace/open/src/hotspot/share/interpreter/linkResolver.cpp, line 767]
Event: 0.744 Thread 0x000001e6e45b3000 Exception <a 'java/lang/NoSuchMethodError'{0x00000007109d16d0}: 'void java.lang.invoke.DirectMethodHandle$Holder.invokeStaticInit(java.lang.Object, long, int, int, int, int)'> (0x00000007109d16d0) 
thrown [t:/workspace/open/src/hotspot/share/interpreter/linkResolver.cpp, line 767]
Event: 0.795 Thread 0x000001e6e45b3000 Exception <a 'sun/nio/fs/WindowsException'{0x0000000710828308}> (0x0000000710828308) 
thrown [t:/workspace/open/src/hotspot/share/prims/jni.cpp, line 598]
Event: 0.795 Thread 0x000001e6e45b3000 Exception <a 'sun/nio/fs/WindowsException'{0x00000007108286b8}> (0x00000007108286b8) 
thrown [t:/workspace/open/src/hotspot/share/prims/jni.cpp, line 598]
Event: 0.799 Thread 0x000001e6e45b3000 Exception <a 'sun/nio/fs/WindowsException'{0x0000000710846808}> (0x0000000710846808) 
thrown [t:/workspace/open/src/hotspot/share/prims/jni.cpp, line 598]
Event: 0.799 Thread 0x000001e6e45b3000 Exception <a 'sun/nio/fs/WindowsException'{0x0000000710846af0}> (0x0000000710846af0) 
thrown [t:/workspace/open/src/hotspot/share/prims/jni.cpp, line 598]
Event: 1.187 Thread 0x000001e6e45b3000 Exception <a 'sun/nio/fs/WindowsException'{0x000000070fc1ea90}> (0x000000070fc1ea90) 
thrown [t:/workspace/open/src/hotspot/share/prims/jni.cpp, line 598]
Event: 1.187 Thread 0x000001e6e45b3000 Exception <a 'sun/nio/fs/WindowsException'{0x000000070fc1ed80}> (0x000000070fc1ed80) 
thrown [t:/workspace/open/src/hotspot/share/prims/jni.cpp, line 598]
Event: 1.187 Thread 0x000001e6e45b3000 Exception <a 'sun/nio/fs/WindowsException'{0x000000070fc1fde8}> (0x000000070fc1fde8) 
thrown [t:/workspace/open/src/hotspot/share/prims/jni.cpp, line 598]
Event: 1.189 Thread 0x000001e6e45b3000 Exception <a 'sun/nio/fs/WindowsException'{0x000000070fc27510}> (0x000000070fc27510) 
thrown [t:/workspace/open/src/hotspot/share/prims/jni.cpp, line 598]
Event: 1.198 Thread 0x000001e6e45b3000 Exception <a 'sun/nio/fs/WindowsException'{0x000000070fc2a540}> (0x000000070fc2a540) 
thrown [t:/workspace/open/src/hotspot/share/prims/jni.cpp, line 598]
Event: 1.199 Thread 0x000001e6e45b3000 Exception <a 'sun/nio/fs/WindowsException'{0x000000070fc2a8c8}> (0x000000070fc2a8c8) 
thrown [t:/workspace/open/src/hotspot/share/prims/jni.cpp, line 598]

Events (20 events):
Event: 1.134 loading class org/lwjgl/opengl/GL12C
Event: 1.134 loading class org/lwjgl/opengl/GL12C done
Event: 1.135 loading class org/lwjgl/opengl/GL11C
Event: 1.135 loading class org/lwjgl/opengl/GL11C done
Event: 1.139 loading class org/lwjgl/system/APIUtil$Encoder
Event: 1.139 loading class org/lwjgl/system/APIUtil$Encoder done
Event: 1.139 loading class org/lwjgl/system/APIUtil$Encoder
Event: 1.139 loading class org/lwjgl/system/APIUtil$Encoder done
Event: 1.178 loading class renderer/Texture
Event: 1.178 loading class renderer/Texture done
Event: 1.178 Thread 0x000001e68d227000 Thread exited: 0x000001e68d227000
Event: 1.180 loading class org/lwjgl/stb/STBImage
Event: 1.180 loading class org/lwjgl/stb/STBImage done
Event: 1.183 loading class org/lwjgl/stb/LibSTB
Event: 1.183 loading class org/lwjgl/stb/LibSTB done
Event: 1.187 loading class java/nio/file/FileAlreadyExistsException
Event: 1.187 loading class java/nio/file/FileAlreadyExistsException done
Event: 1.189 loading class java/nio/file/StandardCopyOption
Event: 1.189 loading class java/nio/file/StandardCopyOption done
Event: 1.202 Loaded shared library C:\Users\Jakey\AppData\Local\Temp\lwjglJakey\3.2.3-build-13\lwjgl_stb.dll


Dynamic libraries:
0x00007ff7f35d0000 - 0x00007ff7f35df000 	C:\Program Files\Java\jdk-13\bin\java.exe
0x00007ffb05d00000 - 0x00007ffb05ef0000 	C:\Windows\SYSTEM32\ntdll.dll
0x00007ffb04420000 - 0x00007ffb044d2000 	C:\Windows\System32\KERNEL32.DLL
0x00007ffb038c0000 - 0x00007ffb03b63000 	C:\Windows\System32\KERNELBASE.dll
0x00007ffb02e70000 - 0x00007ffb02f6a000 	C:\Windows\System32\ucrtbase.dll
0x00007ffaebec0000 - 0x00007ffaebed5000 	C:\Program Files\Java\jdk-13\bin\VCRUNTIME140.dll
0x00007ffaebff0000 - 0x00007ffaec008000 	C:\Program Files\Java\jdk-13\bin\jli.dll
0x00007ffb04660000 - 0x00007ffb04703000 	C:\Windows\System32\ADVAPI32.dll
0x00007ffb049a0000 - 0x00007ffb04a3e000 	C:\Windows\System32\msvcrt.dll
0x00007ffb04710000 - 0x00007ffb047a7000 	C:\Windows\System32\sechost.dll
0x00007ffb05ab0000 - 0x00007ffb05bd0000 	C:\Windows\System32\RPCRT4.dll
0x00007ffb058b0000 - 0x00007ffb05a44000 	C:\Windows\System32\USER32.dll
0x00007ffb02e40000 - 0x00007ffb02e61000 	C:\Windows\System32\win32u.dll
0x00007ffaf27d0000 - 0x00007ffaf2a55000 	C:\Windows\WinSxS\amd64_microsoft.windows.common-controls_6595b64144ccf1df_6.0.18362.592_none_e6c0b1911312be02\COMCTL32.dll
0x00007ffb04970000 - 0x00007ffb04996000 	C:\Windows\System32\GDI32.dll
0x00007ffb04e80000 - 0x00007ffb051b6000 	C:\Windows\System32\combase.dll
0x00007ffb03b70000 - 0x00007ffb03d04000 	C:\Windows\System32\gdi32full.dll
0x00007ffb03840000 - 0x00007ffb038c0000 	C:\Windows\System32\bcryptPrimitives.dll
0x00007ffb03d10000 - 0x00007ffb03dae000 	C:\Windows\System32\msvcp_win.dll
0x00007ffafc840000 - 0x00007ffafc84a000 	C:\Windows\SYSTEM32\VERSION.dll
0x00007ffb04630000 - 0x00007ffb0465e000 	C:\Windows\System32\IMM32.DLL
0x00007ffaea5b0000 - 0x00007ffaea64b000 	C:\Program Files\Java\jdk-13\bin\msvcp140.dll
0x00007ffab8fa0000 - 0x00007ffab9b06000 	C:\Program Files\Java\jdk-13\bin\server\jvm.dll
0x00007ffb04890000 - 0x00007ffb04898000 	C:\Windows\System32\PSAPI.DLL
0x00007ffaf5880000 - 0x00007ffaf5889000 	C:\Windows\SYSTEM32\WSOCK32.dll
0x00007ffb00d60000 - 0x00007ffb00d84000 	C:\Windows\SYSTEM32\WINMM.dll
0x00007ffb043b0000 - 0x00007ffb0441f000 	C:\Windows\System32\WS2_32.dll
0x00007ffb00770000 - 0x00007ffb0079d000 	C:\Windows\SYSTEM32\winmmbase.dll
0x00007ffb037f0000 - 0x00007ffb0383a000 	C:\Windows\System32\cfgmgr32.dll
0x00007ffb02be0000 - 0x00007ffb02bf1000 	C:\Windows\System32\kernel.appcore.dll
0x00007ffaf5900000 - 0x00007ffaf5910000 	C:\Program Files\Java\jdk-13\bin\verify.dll
0x00007ffaed3a0000 - 0x00007ffaed594000 	C:\Windows\SYSTEM32\DBGHELP.DLL
0x00007ffaed2e0000 - 0x00007ffaed30a000 	C:\Windows\SYSTEM32\dbgcore.DLL
0x00007ffaeb7b0000 - 0x00007ffaeb7d6000 	C:\Program Files\Java\jdk-13\bin\java.dll
0x00007ffaeb770000 - 0x00007ffaeb787000 	C:\Program Files\Java\jdk-13\bin\zip.dll
0x00007ffaf3480000 - 0x00007ffaf348a000 	C:\Program Files\Java\jdk-13\bin\jimage.dll
0x00007ffb051c0000 - 0x00007ffb058a5000 	C:\Windows\System32\SHELL32.dll
0x00007ffb03db0000 - 0x00007ffb03e59000 	C:\Windows\System32\shcore.dll
0x00007ffb02f70000 - 0x00007ffb036ef000 	C:\Windows\System32\windows.storage.dll
0x00007ffb02c20000 - 0x00007ffb02c3f000 	C:\Windows\System32\profapi.dll
0x00007ffb02c40000 - 0x00007ffb02c8a000 	C:\Windows\System32\powrprof.dll
0x00007ffb02bd0000 - 0x00007ffb02be0000 	C:\Windows\System32\UMPDC.dll
0x00007ffb05a50000 - 0x00007ffb05aa2000 	C:\Windows\System32\shlwapi.dll
0x00007ffb03720000 - 0x00007ffb03737000 	C:\Windows\System32\cryptsp.dll
0x00007ffaeb2b0000 - 0x00007ffaeb2c9000 	C:\Program Files\Java\jdk-13\bin\net.dll
0x00007ffaf93e0000 - 0x00007ffaf95b6000 	C:\Windows\SYSTEM32\urlmon.dll
0x00007ffafe190000 - 0x00007ffafe280000 	C:\Windows\SYSTEM32\WINHTTP.dll
0x00007ffaf9130000 - 0x00007ffaf93d6000 	C:\Windows\SYSTEM32\iertutil.dll
0x00007ffb02610000 - 0x00007ffb0261c000 	C:\Windows\SYSTEM32\CRYPTBASE.DLL
0x00007ffb02440000 - 0x00007ffb024a7000 	C:\Windows\system32\mswsock.dll
0x00007ffaea7c0000 - 0x00007ffaea7d3000 	C:\Program Files\Java\jdk-13\bin\nio.dll
0x00007ffae0e30000 - 0x00007ffae0e94000 	C:\Users\Jakey\AppData\Local\Temp\lwjglJakey\3.2.3-build-13\lwjgl.dll
0x00007ffae0d00000 - 0x00007ffae0d62000 	C:\Users\Jakey\AppData\Local\Temp\lwjglJakey\3.2.3-build-13\glfw.dll
0x00007ffb00f50000 - 0x00007ffb00fe9000 	C:\Windows\system32\uxtheme.dll
0x00007ffae15c0000 - 0x00007ffae1603000 	C:\Windows\SYSTEM32\dinput8.dll
0x00007ffaed9f0000 - 0x00007ffaeda01000 	C:\Windows\SYSTEM32\xinput1_4.dll
0x00007ffb029d0000 - 0x00007ffb029fa000 	C:\Windows\SYSTEM32\DEVOBJ.dll
0x00007ffb01370000 - 0x00007ffb0139d000 	C:\Windows\SYSTEM32\dwmapi.dll
0x00007ffaf49b0000 - 0x00007ffaf4aca000 	C:\Windows\SYSTEM32\inputhost.dll
0x00007ffafec30000 - 0x00007ffafed83000 	C:\Windows\SYSTEM32\wintypes.dll
0x00007ffb007d0000 - 0x00007ffb008a4000 	C:\Windows\SYSTEM32\CoreMessaging.dll
0x00007ffafd820000 - 0x00007ffafdb4a000 	C:\Windows\SYSTEM32\CoreUIComponents.dll
0x00007ffaff570000 - 0x00007ffaff65f000 	C:\Windows\SYSTEM32\PROPSYS.dll
0x00007ffb048a0000 - 0x00007ffb04964000 	C:\Windows\System32\OLEAUT32.dll
0x00007ffb01c30000 - 0x00007ffb01c61000 	C:\Windows\SYSTEM32\ntmarta.dll
0x00007ffb044f0000 - 0x00007ffb04625000 	C:\Windows\System32\MSCTF.dll
0x00007ffb017e0000 - 0x00007ffb017ee000 	C:\Windows\SYSTEM32\HID.DLL
0x00007ffb03ee0000 - 0x00007ffb04350000 	C:\Windows\System32\SETUPAPI.DLL
0x00007ffb036f0000 - 0x00007ffb03716000 	C:\Windows\System32\bcrypt.dll
0x00007ffb02c90000 - 0x00007ffb02cec000 	C:\Windows\System32\WINTRUST.dll
0x00007ffb02c00000 - 0x00007ffb02c12000 	C:\Windows\System32\MSASN1.dll
0x00007ffb02cf0000 - 0x00007ffb02e39000 	C:\Windows\System32\CRYPT32.dll
0x00007ffaeb380000 - 0x00007ffaeb4d6000 	C:\Windows\SYSTEM32\opengl32.dll
0x00007ffaf32b0000 - 0x00007ffaf32dc000 	C:\Windows\SYSTEM32\GLU32.dll
0x00007ffb01840000 - 0x00007ffb01860000 	C:\Windows\SYSTEM32\dxcore.dll
0x00007ffaec480000 - 0x00007ffaec4a9000 	C:\Windows\System32\DriverStore\FileRepository\u0354308.inf_amd64_48534036afa0f0d8\B354265\atig6pxx.dll
0x00007ffabc3a0000 - 0x00007ffabf466000 	C:\Windows\System32\DriverStore\FileRepository\u0354308.inf_amd64_48534036afa0f0d8\B354265\atio6axx.dll
0x00007ffb04ab0000 - 0x00007ffb04c06000 	C:\Windows\System32\ole32.dll
0x00007ffaf5b00000 - 0x00007ffaf5b23000 	C:\Windows\SYSTEM32\dxva2.dll
0x00007ffaece20000 - 0x00007ffaece5a000 	C:\Windows\System32\DriverStore\FileRepository\u0354308.inf_amd64_48534036afa0f0d8\B354265\atig6txx.dll
0x00007ffade450000 - 0x00007ffade5fe000 	C:\Windows\SYSTEM32\atiadlxx.dll
0x00007ffaf6560000 - 0x00007ffaf65fe000 	C:\Windows\System32\TextInputFramework.dll
0x00007ffabafa0000 - 0x00007ffabaff9000 	C:\Users\Jakey\AppData\Local\Temp\lwjglJakey\3.2.3-build-13\lwjgl_opengl.dll
0x00007ffab58e0000 - 0x00007ffab5957000 	C:\Users\Jakey\AppData\Local\Temp\lwjglJakey\3.2.3-build-13\lwjgl_stb.dll

dbghelp: loaded successfully - version: 4.0.5 - missing functions: none
symbol engine: initialized successfully - sym options: 0x614 - pdb path: .;C:\Program Files\Java\jdk-13\bin;C:\Windows\SYSTEM32;C:\Windows\WinSxS\amd64_microsoft.windows.common-controls_6595b64144ccf1df_6.0.18362.592_none_e6c0b1911312be02;C:\Program Files\Java\jdk-13\bin\server;C:\Users\Jakey\AppData\Local\Temp\lwjglJakey\3.2.3-build-13;C:\Windows\System32\DriverStore\FileRepository\u0354308.inf_amd64_48534036afa0f0d8\B354265

VM Arguments:
jvm_args: -Dfile.encoding=windows-31j -Duser.country=GB -Duser.language=en -Duser.variant -ea 
java_command: Main
java_class_path (initial): C:\Users\Jakey\Desktop\intelji\build\classes\java\main;C:\Users\Jakey\Desktop\intelji\build\resources\main;C:\Users\Jakey\.gradle\caches\modules-2\files-2.1\org.lwjgl\lwjgl-assimp\3.2.3\f62aa07a20afbdd3097efc296c4841e0d29700eb\lwjgl-assimp-3.2.3.jar;C:\Users\Jakey\.gradle\caches\modules-2\files-2.1\org.lwjgl\lwjgl-assimp\3.2.3\4e60aeb75f0343c4a9ede4ef8b6b32ca702a00a3\lwjgl-assimp-3.2.3-natives-windows.jar;C:\Users\Jakey\.gradle\caches\modules-2\files-2.1\org.lwjgl\lwjgl-glfw\3.2.3\5e520d5c290c8b012545a8d34fa5db5ab051ea53\lwjgl-glfw-3.2.3.jar;C:\Users\Jakey\.gradle\caches\modules-2\files-2.1\org.lwjgl\lwjgl-glfw\3.2.3\b4d8a3477cdc2edcf7a5f1e822926be846223f54\lwjgl-glfw-3.2.3-natives-windows.jar;C:\Users\Jakey\.gradle\caches\modules-2\files-2.1\org.lwjgl\lwjgl-nfd\3.2.3\c44fee1043c022cf6614a28872d44cf114ca7737\lwjgl-nfd-3.2.3.jar;C:\Users\Jakey\.gradle\caches\modules-2\files-2.1\org.lwjgl\lwjgl-nfd\3.2.3\32782f5f5c57769efb82af864e70b819c77bc891\lwjgl-nfd-3.2.3-natives-windows.jar;C:\Users\Jakey\.gradle\caches\modules-2\files-2.1\org.lwjgl\lwjgl-openal\3.2.3\106742e805803ab9eab8e343f0fb31a3d263903c\lwjgl-openal-3.2.3.jar;C:\Users\Jakey\.gradle\caches\modules-2\files-2.1\org.lwjgl\lwjgl-openal\3.2.3\ec898e8ce11b5886f4f532a1536283ef2817758d\lwjgl-openal-3.2.3-natives-windows.jar;C:\Users\Jakey\.gradle\caches\modules-2\files-2.1\org.lwjgl\lwjgl-opengl\3.2.3\bdd534a323d0c8f54969b95e424b6ac8984f7d6e\lwjgl-opengl-3.2.3.jar;C:\Users\Jakey\.gradle\caches\modules-2\files-2.1\org.lwjgl\lwjgl-opengl\3.2.3\e81cfc73ec8708e5e791ed770e4ec3edfc1bbab1\lwjgl-opengl-3.2.3-natives-windows.jar;C:\Users\Jakey\.gradle\caches\modules-2\files-2.1\org.lwjgl\lwjgl-stb\3.2.3\40eccaa4fa86fc815f2e17946a392fb5fdcc286a\lwjgl-stb-3.2.3.jar;C:\Users\Jakey\.gradle\caches\modules-2\files-2.1\org.lwjgl\lwjgl-stb\3.2.3\817b21ec286f0ba3dcedb56a3bd275e6a9345be9\lwjgl-stb-3.2.3-natives-windows.jar;C:\Users\Jakey\.gradle\caches\modules-2\files-2.1\org.lwjgl\lwjgl\3.2.3\17a59ba0fe8d
Launcher Type: SUN_STANDARD

[Global flags]
     intx CICompilerCount                          = 4                                         {product} {ergonomic}
     uint ConcGCThreads                            = 3                                         {product} {ergonomic}
     uint G1ConcRefinementThreads                  = 10                                        {product} {ergonomic}
   size_t G1HeapRegionSize                         = 1048576                                   {product} {ergonomic}
    uintx GCDrainStackTargetSize                   = 64                                        {product} {ergonomic}
   size_t InitialHeapSize                          = 268435456                                 {product} {ergonomic}
   size_t MarkStackSize                            = 4194304                                   {product} {ergonomic}
   size_t MaxHeapSize                              = 4278190080                                {product} {ergonomic}
   size_t MaxNewSize                               = 2566914048                                {product} {ergonomic}
   size_t MinHeapDeltaBytes                        = 1048576                                   {product} {ergonomic}
   size_t MinHeapSize                              = 8388608                                   {product} {ergonomic}
    uintx NonNMethodCodeHeapSize                   = 5836300                                {pd product} {ergonomic}
    uintx NonProfiledCodeHeapSize                  = 122910970                              {pd product} {ergonomic}
    uintx ProfiledCodeHeapSize                     = 122910970                              {pd product} {ergonomic}
    uintx ReservedCodeCacheSize                    = 251658240                              {pd product} {ergonomic}
     bool SegmentedCodeCache                       = true                                      {product} {ergonomic}
   size_t SoftMaxHeapSize                          = 4278190080                             {manageable} {ergonomic}
     bool UseCompressedClassPointers               = true                                 {lp64_product} {ergonomic}
     bool UseCompressedOops                        = true                                 {lp64_product} {ergonomic}
     bool UseG1GC                                  = true                                      {product} {ergonomic}
     bool UseLargePagesIndividualAllocation        = false                                  {pd product} {ergonomic}

Logging:
Log output configuration:
 #0: stdout all=warning uptime,level,tags
 #1: stderr all=off uptime,level,tags

Environment Variables:
PATH=C:\Program Files (x86)\Common Files\Oracle\Java\javapath;C:\Windows\system32;C:\Windows;C:\Windows\System32\Wbem;C:\Windows\System32\WindowsPowerShell\v1.0\;C:\Windows\System32\OpenSSH\;C:\Program Files\Java\jdk-13\bin;C:\Program Files\dotnet\;C:\Program Files\Microsoft SQL Server\130\Tools\Binn\;C:\Program Files\Microsoft SQL Server\Client SDK\ODBC\170\Tools\Binn\;C:\Program Files\nodejs\;"C:\Users\Jakey\AppData\Local\Microsoft\WindowsApps;C:\Program Files\Java\jdk-13";C:\Program Files\Java\jdk-13;C:\Users\Jakey\AppData\Roaming\npm
USERNAME=Jakey
OS=Windows_NT
PROCESSOR_IDENTIFIER=AMD64 Family 23 Model 8 Stepping 2, AuthenticAMD



---------------  S Y S T E M  ---------------

OS: Windows 10 , 64 bit Build 18362 (10.0.18362.329)

CPU:total 12 (initial active 12) (12 cores per cpu, 2 threads per core) family 23 model 8 stepping 2, cmov, cx8, fxsr, mmx, sse, sse2, sse3, ssse3, sse4.1, sse4.2, popcnt, avx, avx2, aes, clmul, mmxext, 3dnowpref, lzcnt, sse4a, ht, tsc, tscinvbit, tscinv, bmi1, bmi2, adx, sha, fma

Memory: 4k page, system-wide physical 16315M (8578M free)
TotalPageFile size 18747M (AvailPageFile size 6566M)
current process WorkingSet (physical memory assigned to process): 133M, peak: 133M
current process commit charge ("private bytes"): 470M, peak: 470M

vm_info: Java HotSpot(TM) 64-Bit Server VM (13+33) for windows-amd64 JRE (13+33), built on Sep 18 2019 21:38:00 by "mach5one" with unknown MS VC++:1916

END.
